

================================================================
== Vivado HLS Report for 'update_knn12'
================================================================
* Date:           Sun Sep  6 01:17:58 2020

* Version:        2019.2 (Build 2704478 on Wed Nov 06 22:10:23 MST 2019)
* Project:        update_knn12_prj
* Solution:       update_knn12
* Product family: zynq
* Target device:  xc7z020-clg400-1


================================================================
== Performance Estimates
================================================================
+ Timing: 
    * Summary: 
    +--------+---------+----------+------------+
    |  Clock |  Target | Estimated| Uncertainty|
    +--------+---------+----------+------------+
    |ap_clk  | 4.00 ns | 4.599 ns |   0.50 ns  |
    +--------+---------+----------+------------+

+ Latency: 
    * Summary: 
    +---------+---------+----------+----------+-----+-------+---------+
    |  Latency (cycles) |  Latency (absolute) |   Interval  | Pipeline|
    |   min   |   max   |    min   |    max   | min |  max  |   Type  |
    +---------+---------+----------+----------+-----+-------+---------+
    |      963|    33367| 4.429 us | 0.153 ms |  963|  33367|   none  |
    +---------+---------+----------+----------+-----+-------+---------+

    + Detail: 
        * Instance: 
        +---------------------+----------+---------+---------+-----------+-----------+-----+-----+----------+
        |                     |          |  Latency (cycles) |   Latency (absolute)  |  Interval | Pipeline |
        |       Instance      |  Module  |   min   |   max   |    min    |    max    | min | max |   Type   |
        +---------------------+----------+---------+---------+-----------+-----------+-----+-----+----------+
        |grp_popcount_fu_546  |popcount  |        5|        5| 22.995 ns | 22.995 ns |    1|    1| function |
        +---------------------+----------+---------+---------+-----------+-----------+-----+-----+----------+

        * Loop: 
        +------------------------------+---------+---------+----------+-----------+-----------+------+----------+
        |                              |  Latency (cycles) | Iteration|  Initiation Interval  | Trip |          |
        |           Loop Name          |   min   |   max   |  Latency |  achieved |   target  | Count| Pipelined|
        +------------------------------+---------+---------+----------+-----------+-----------+------+----------+
        |- STORE_LOCAL                 |     3600|     3600|         8|          8|          1|   450|    yes   |
        |- TRANSFER_LOOP               |    28801|    28801|        10|          8|          1|  3600|    yes   |
        |- TRAINING_LOOP_LANES         |      915|      915|        18|          2|          1|   450|    yes   |
        |- LANES_INSERTION_SORT_OUTER  |       20|       20|         6|          3|          1|     6|    yes   |
        +------------------------------+---------+---------+----------+-----------+-----------+------+----------+



================================================================
== Utilization Estimates
================================================================
* Summary: 
+-----------------+---------+-------+--------+-------+-----+
|       Name      | BRAM_18K| DSP48E|   FF   |  LUT  | URAM|
+-----------------+---------+-------+--------+-------+-----+
|DSP              |        -|      1|       -|      -|    -|
|Expression       |        -|      -|       0|   1161|    -|
|FIFO             |        -|      -|       -|      -|    -|
|Instance         |        -|      0|     545|   1491|    -|
|Memory           |        8|      -|       0|      0|    0|
|Multiplexer      |        -|      -|       -|    762|    -|
|Register         |        0|      -|    2116|    128|    -|
+-----------------+---------+-------+--------+-------+-----+
|Total            |        8|      1|    2661|   3542|    0|
+-----------------+---------+-------+--------+-------+-----+
|Available        |      280|    220|  106400|  53200|    0|
+-----------------+---------+-------+--------+-------+-----+
|Utilization (%)  |        2|   ~0  |       2|      6|    0|
+-----------------+---------+-------+--------+-------+-----+

+ Detail: 
    * Instance: 
    +-------------------------+----------------------+---------+-------+-----+------+-----+
    |         Instance        |        Module        | BRAM_18K| DSP48E|  FF |  LUT | URAM|
    +-------------------------+----------------------+---------+-------+-----+------+-----+
    |grp_popcount_fu_546      |popcount              |        0|      0|  482|  1489|    0|
    |update_knn12_mul_cud_U2  |update_knn12_mul_cud  |        0|      0|   63|     2|    0|
    +-------------------------+----------------------+---------+-------+-----+------+-----+
    |Total                    |                      |        0|      0|  545|  1491|    0|
    +-------------------------+----------------------+---------+-------+-----+------+-----+

    * DSP48E: 
    +-------------------------+----------------------+-----------+
    |         Instance        |        Module        | Expression|
    +-------------------------+----------------------+-----------+
    |update_knn12_mul_dEe_U3  |update_knn12_mul_dEe  |  i0 * i1  |
    +-------------------------+----------------------+-----------+

    * Memory: 
    +------------------+----------------------+---------+---+----+-----+------+-----+------+-------------+
    |      Memory      |        Module        | BRAM_18K| FF| LUT| URAM| Words| Bits| Banks| W*Bits*Banks|
    +------------------+----------------------+---------+---+----+-----+------+-----+------+-------------+
    |training_set_V_U  |update_knn12_traibkb  |        8|  0|   0|    0|   450|  256|     1|       115200|
    +------------------+----------------------+---------+---+----+-----+------+-----+------+-------------+
    |Total             |                      |        8|  0|   0|    0|   450|  256|     1|       115200|
    +------------------+----------------------+---------+---+----+-----+------+-----+------+-------------+

    * FIFO: 
    N/A

    * Expression: 
    +-----------------------------------+----------+-------+---+-----+------------+------------+
    |           Variable Name           | Operation| DSP48E| FF| LUT | Bitwidth P0| Bitwidth P1|
    +-----------------------------------+----------+-------+---+-----+------------+------------+
    |add_ln4150_fu_988_p2               |     +    |      0|  0|   12|           3|           3|
    |add_ln4454_1_fu_1095_p2            |     +    |      0|  0|   10|           1|           2|
    |add_ln4454_fu_1075_p2              |     +    |      0|  0|   12|           1|           3|
    |add_ln4463_fu_1131_p2              |     +    |      0|  0|   12|           3|           3|
    |add_ln6309_1_fu_758_p2             |     +    |      0|  0|   10|           1|           2|
    |add_ln6309_fu_738_p2               |     +    |      0|  0|   15|           1|           9|
    |add_ln6314_fu_839_p2               |     +    |      0|  0|   15|           9|           9|
    |i_1_fu_635_p2                      |     +    |      0|  0|   12|          12|           1|
    |i_2_fu_819_p2                      |     +    |      0|  0|   15|           8|           1|
    |i_fu_597_p2                        |     +    |      0|  0|   15|           9|           1|
    |j_fu_1208_p2                       |     +    |      0|  0|   10|           1|           2|
    |sub_ln4463_1_fu_1117_p2            |     -    |      0|  0|   12|           3|           3|
    |sub_ln4463_fu_1063_p2              |     -    |      0|  0|   12|           3|           3|
    |sub_ln6315_1_fu_795_p2             |     -    |      0|  0|   12|           3|           3|
    |sub_ln6315_fu_720_p2               |     -    |      0|  0|   12|           3|           3|
    |ap_block_pp1_stage0_01001          |    and   |      0|  0|    2|           1|           1|
    |ap_block_pp1_stage1_01001          |    and   |      0|  0|    2|           1|           1|
    |ap_block_pp1_stage2_11001          |    and   |      0|  0|    2|           1|           1|
    |ap_block_pp1_stage3_11001          |    and   |      0|  0|    2|           1|           1|
    |ap_block_pp1_stage4_11001          |    and   |      0|  0|    2|           1|           1|
    |ap_block_pp1_stage5_11001          |    and   |      0|  0|    2|           1|           1|
    |ap_block_pp1_stage6_11001          |    and   |      0|  0|    2|           1|           1|
    |ap_block_pp1_stage7_11001          |    and   |      0|  0|    2|           1|           1|
    |ap_block_state11_pp1_stage0_iter0  |    and   |      0|  0|    2|           1|           1|
    |ap_block_state12_io                |    and   |      0|  0|    2|           1|           1|
    |ap_block_state12_pp1_stage1_iter0  |    and   |      0|  0|    2|           1|           1|
    |ap_block_state2                    |    and   |      0|  0|    2|           1|           1|
    |ap_block_state20_io                |    and   |      0|  0|    2|           1|           1|
    |icmp_ln13_1_fu_1143_p2             |   icmp   |      0|  0|    9|           3|           1|
    |icmp_ln13_2_fu_1169_p2             |   icmp   |      0|  0|    9|           3|           2|
    |icmp_ln13_3_fu_1182_p2             |   icmp   |      0|  0|    9|           3|           2|
    |icmp_ln13_4_fu_1195_p2             |   icmp   |      0|  0|    9|           3|           4|
    |icmp_ln13_fu_1137_p2               |   icmp   |      0|  0|    9|           3|           1|
    |icmp_ln4141_1_fu_904_p2            |   icmp   |      0|  0|   13|           9|           9|
    |icmp_ln4141_2_fu_938_p2            |   icmp   |      0|  0|   13|           9|           9|
    |icmp_ln4141_3_fu_807_p2            |   icmp   |      0|  0|    9|           3|           3|
    |icmp_ln4141_fu_726_p2              |   icmp   |      0|  0|    9|           3|           3|
    |icmp_ln4149_fu_982_p2              |   icmp   |      0|  0|   18|          32|          32|
    |icmp_ln4454_fu_1069_p2             |   icmp   |      0|  0|    9|           3|           3|
    |icmp_ln4456_fu_1081_p2             |   icmp   |      0|  0|    8|           2|           2|
    |icmp_ln4463_1_fu_1222_p2           |   icmp   |      0|  0|   18|          32|          32|
    |icmp_ln4463_2_fu_1251_p2           |   icmp   |      0|  0|   18|          32|          32|
    |icmp_ln4463_3_fu_1266_p2           |   icmp   |      0|  0|    9|           4|           1|
    |icmp_ln4463_fu_1216_p2             |   icmp   |      0|  0|   18|          32|          32|
    |icmp_ln4474_1_fu_1345_p2           |   icmp   |      0|  0|   11|           6|           1|
    |icmp_ln4474_fu_1302_p2             |   icmp   |      0|  0|   11|           5|           1|
    |icmp_ln4479_1_fu_1351_p2           |   icmp   |      0|  0|   11|           6|           1|
    |icmp_ln4479_fu_1308_p2             |   icmp   |      0|  0|   11|           6|           2|
    |icmp_ln6225_fu_591_p2              |   icmp   |      0|  0|   13|           9|           7|
    |icmp_ln6239_fu_629_p2              |   icmp   |      0|  0|   13|          12|          10|
    |icmp_ln6309_fu_732_p2              |   icmp   |      0|  0|   13|           9|           7|
    |icmp_ln6311_fu_744_p2              |   icmp   |      0|  0|   11|           8|           6|
    |ap_block_pp1_stage0_11001          |    or    |      0|  0|    2|           1|           1|
    |ap_block_pp1_stage1_11001          |    or    |      0|  0|    2|           1|           1|
    |or_ln4141_fu_966_p2                |    or    |      0|  0|    2|           1|           1|
    |label_list_2_2_fu_1357_p3          |  select  |      0|  0|   32|           1|           3|
    |min_distance_list_0_fu_1200_p3     |  select  |      0|  0|    9|           1|           9|
    |min_distance_list_2_3_fu_1322_p3   |  select  |      0|  0|   32|           1|          32|
    |min_distance_list_2_4_fu_1337_p3   |  select  |      0|  0|   32|           1|          32|
    |min_distance_list_2_5_fu_1365_p3   |  select  |      0|  0|   32|           1|          32|
    |phitmp_i_2_fu_1275_p3              |  select  |      0|  0|    3|           1|           3|
    |select_ln13_1_fu_1162_p3           |  select  |      0|  0|    9|           1|           9|
    |select_ln13_2_fu_1174_p3           |  select  |      0|  0|    9|           1|           9|
    |select_ln13_3_fu_1187_p3           |  select  |      0|  0|    9|           1|           9|
    |select_ln13_fu_1155_p3             |  select  |      0|  0|    9|           1|           9|
    |select_ln4141_1_fu_897_p3          |  select  |      0|  0|    9|           1|           9|
    |select_ln4141_2_fu_910_p3          |  select  |      0|  0|    9|           1|           9|
    |select_ln4141_3_fu_931_p3          |  select  |      0|  0|    9|           1|           9|
    |select_ln4141_4_fu_959_p3          |  select  |      0|  0|    3|           1|           3|
    |select_ln4141_5_fu_950_p3          |  select  |      0|  0|    9|           1|           9|
    |select_ln4141_6_fu_970_p3          |  select  |      0|  0|    2|           1|           2|
    |select_ln4141_fu_874_p3            |  select  |      0|  0|    9|           1|           9|
    |select_ln4454_fu_1149_p3           |  select  |      0|  0|    2|           1|           2|
    |select_ln4463_1_fu_1244_p3         |  select  |      0|  0|    6|           1|           6|
    |select_ln4463_2_fu_1286_p3         |  select  |      0|  0|    6|           1|           6|
    |select_ln4463_3_fu_1087_p3         |  select  |      0|  0|    2|           1|           1|
    |select_ln4463_4_fu_1123_p3         |  select  |      0|  0|    3|           1|           3|
    |select_ln4463_fu_1228_p3           |  select  |      0|  0|    6|           1|           1|
    |select_ln4474_2_fu_1372_p3         |  select  |      0|  0|   32|           1|          32|
    |select_ln4474_3_fu_1380_p3         |  select  |      0|  0|   32|           1|          32|
    |select_ln4474_fu_1329_p3           |  select  |      0|  0|   32|           1|          32|
    |select_ln4479_4_fu_1388_p3         |  select  |      0|  0|   32|           1|           3|
    |select_ln4479_5_fu_1396_p3         |  select  |      0|  0|   32|           1|          32|
    |select_ln4479_fu_1314_p3           |  select  |      0|  0|   32|           1|           3|
    |select_ln6315_1_fu_764_p3          |  select  |      0|  0|    2|           1|           2|
    |select_ln6315_2_fu_801_p3          |  select  |      0|  0|    3|           1|           3|
    |select_ln6315_3_fu_813_p3          |  select  |      0|  0|    2|           1|           1|
    |select_ln6315_fu_750_p3            |  select  |      0|  0|    8|           1|           1|
    |ap_enable_pp1                      |    xor   |      0|  0|    2|           1|           2|
    |ap_enable_pp2                      |    xor   |      0|  0|    2|           1|           2|
    |ap_enable_pp3                      |    xor   |      0|  0|    2|           1|           2|
    |grp_popcount_fu_546_x_V            |    xor   |      0|  0|  196|         196|         196|
    |not_icmp_ln4463_fu_1235_p2         |    xor   |      0|  0|    2|           1|           2|
    +-----------------------------------+----------+-------+---+-----+------------+------------+
    |Total                              |          |      0|  0| 1161|         547|         828|
    +-----------------------------------+----------+-------+---+-----+------------+------------+

    * Multiplexer: 
    +-------------------------------------------------+-----+-----------+-----+-----------+
    |                       Name                      | LUT | Input Size| Bits| Total Bits|
    +-------------------------------------------------+-----+-----------+-----+-----------+
    |Input_1_V_V_blk_n                                |    9|          2|    1|          2|
    |Output_1_V_V_blk_n                               |    9|          2|    1|          2|
    |Output_1_V_V_int                                 |   62|         15|   32|        480|
    |ap_NS_fsm                                        |  217|         50|    1|         50|
    |ap_enable_reg_pp1_iter1                          |    9|          2|    1|          2|
    |ap_enable_reg_pp2_iter8                          |    9|          2|    1|          2|
    |ap_enable_reg_pp3_iter1                          |    9|          2|    1|          2|
    |ap_phi_mux_i1_0_phi_fu_208_p4                    |    9|          2|   12|         24|
    |ap_phi_mux_i4_0_phi_fu_313_p4                    |    9|          2|    8|         16|
    |ap_phi_mux_i_0_i_phi_fu_461_p4                   |    9|          2|    2|          4|
    |ap_phi_mux_indvar_flatten11_phi_fu_450_p4        |    9|          2|    3|          6|
    |ap_phi_mux_indvar_flatten_phi_fu_291_p4          |    9|          2|    9|         18|
    |ap_phi_mux_j_0_i_phi_fu_539_p4                   |    9|          2|    2|          4|
    |ap_phi_mux_j_0_phi_fu_302_p4                     |    9|          2|    2|          4|
    |ap_phi_reg_pp2_iter8_knn_set_0_load_118_reg_404  |   15|          3|    9|         27|
    |ap_phi_reg_pp2_iter8_knn_set_1_load_121_reg_383  |   15|          3|    9|         27|
    |ap_phi_reg_pp2_iter8_knn_set_2_load_124_reg_362  |   15|          3|    9|         27|
    |ap_phi_reg_pp2_iter8_knn_set_3_load_127_reg_341  |   15|          3|    9|         27|
    |ap_phi_reg_pp2_iter8_knn_set_4_load_130_reg_320  |   15|          3|    9|         27|
    |ap_phi_reg_pp2_iter8_knn_set_5_load_115_reg_425  |   15|          3|    9|         27|
    |ap_sig_allocacmp_knn_set_0_load                  |    9|          2|    9|         18|
    |ap_sig_allocacmp_knn_set_1_load                  |    9|          2|    9|         18|
    |ap_sig_allocacmp_knn_set_3_load                  |    9|          2|    9|         18|
    |ap_sig_allocacmp_knn_set_4_load                  |    9|          2|    9|         18|
    |i1_0_reg_204                                     |    9|          2|   12|         24|
    |i4_0_reg_309                                     |    9|          2|    8|         16|
    |i_0_i_reg_457                                    |    9|          2|    2|          4|
    |i_0_reg_192                                      |    9|          2|    9|         18|
    |indvar_flatten11_reg_446                         |    9|          2|    3|          6|
    |indvar_flatten_reg_287                           |    9|          2|    9|         18|
    |j_0_i_reg_535                                    |    9|          2|    2|          4|
    |j_0_reg_298                                      |    9|          2|    2|          4|
    |knn_set_0                                        |    9|          2|    9|         18|
    |knn_set_0_load_1_reg_263                         |    9|          2|    9|         18|
    |knn_set_1                                        |    9|          2|    9|         18|
    |knn_set_1_load_1_reg_251                         |    9|          2|    9|         18|
    |knn_set_2                                        |    9|          2|    9|         18|
    |knn_set_2_load_1_reg_239                         |    9|          2|    9|         18|
    |knn_set_3                                        |    9|          2|    9|         18|
    |knn_set_3_load_1_reg_227                         |    9|          2|    9|         18|
    |knn_set_4                                        |    9|          2|    9|         18|
    |knn_set_4_load_1_reg_215                         |    9|          2|    9|         18|
    |knn_set_5                                        |    9|          2|    9|         18|
    |knn_set_5_load_1_reg_275                         |    9|          2|    9|         18|
    |label_list_1_1_reg_491                           |    9|          2|   32|         64|
    |label_list_2_1_reg_480                           |    9|          2|   32|         64|
    |min_distance_list_1_1_reg_524                    |    9|          2|   32|         64|
    |min_distance_list_2_1_reg_513                    |    9|          2|   32|         64|
    |tmp_V_30_reg_502                                 |    9|          2|   32|         64|
    |tmp_V_33_reg_469                                 |    9|          2|   32|         64|
    |training_set_V_address0                          |   15|          3|    9|         27|
    +-------------------------------------------------+-----+-----------+-----+-----------+
    |Total                                            |  762|        170|  522|       1571|
    +-------------------------------------------------+-----+-----------+-----+-----------+

    * Register: 
    +-------------------------------------------------+-----+----+-----+-----------+
    |                       Name                      |  FF | LUT| Bits| Const Bits|
    +-------------------------------------------------+-----+----+-----+-----------+
    |add_ln4454_1_reg_1713                            |    2|   0|    2|          0|
    |add_ln4454_reg_1696                              |    3|   0|    3|          0|
    |add_ln4463_reg_1723                              |    3|   0|    3|          0|
    |add_ln6309_1_reg_1491                            |    2|   0|    2|          0|
    |add_ln6309_reg_1474                              |    9|   0|    9|          0|
    |add_ln6314_reg_1544                              |    9|   0|    9|          0|
    |ap_CS_fsm                                        |   49|   0|   49|          0|
    |ap_enable_reg_pp1_iter0                          |    1|   0|    1|          0|
    |ap_enable_reg_pp1_iter1                          |    1|   0|    1|          0|
    |ap_enable_reg_pp2_iter0                          |    1|   0|    1|          0|
    |ap_enable_reg_pp2_iter1                          |    1|   0|    1|          0|
    |ap_enable_reg_pp2_iter2                          |    1|   0|    1|          0|
    |ap_enable_reg_pp2_iter3                          |    1|   0|    1|          0|
    |ap_enable_reg_pp2_iter4                          |    1|   0|    1|          0|
    |ap_enable_reg_pp2_iter5                          |    1|   0|    1|          0|
    |ap_enable_reg_pp2_iter6                          |    1|   0|    1|          0|
    |ap_enable_reg_pp2_iter7                          |    1|   0|    1|          0|
    |ap_enable_reg_pp2_iter8                          |    1|   0|    1|          0|
    |ap_enable_reg_pp3_iter0                          |    1|   0|    1|          0|
    |ap_enable_reg_pp3_iter1                          |    1|   0|    1|          0|
    |ap_phi_reg_pp2_iter1_knn_set_0_load_118_reg_404  |    9|   0|    9|          0|
    |ap_phi_reg_pp2_iter1_knn_set_1_load_121_reg_383  |    9|   0|    9|          0|
    |ap_phi_reg_pp2_iter1_knn_set_2_load_124_reg_362  |    9|   0|    9|          0|
    |ap_phi_reg_pp2_iter1_knn_set_3_load_127_reg_341  |    9|   0|    9|          0|
    |ap_phi_reg_pp2_iter1_knn_set_4_load_130_reg_320  |    9|   0|    9|          0|
    |ap_phi_reg_pp2_iter1_knn_set_5_load_115_reg_425  |    9|   0|    9|          0|
    |ap_phi_reg_pp2_iter2_knn_set_0_load_118_reg_404  |    9|   0|    9|          0|
    |ap_phi_reg_pp2_iter2_knn_set_1_load_121_reg_383  |    9|   0|    9|          0|
    |ap_phi_reg_pp2_iter2_knn_set_2_load_124_reg_362  |    9|   0|    9|          0|
    |ap_phi_reg_pp2_iter2_knn_set_3_load_127_reg_341  |    9|   0|    9|          0|
    |ap_phi_reg_pp2_iter2_knn_set_4_load_130_reg_320  |    9|   0|    9|          0|
    |ap_phi_reg_pp2_iter2_knn_set_5_load_115_reg_425  |    9|   0|    9|          0|
    |ap_phi_reg_pp2_iter3_knn_set_0_load_118_reg_404  |    9|   0|    9|          0|
    |ap_phi_reg_pp2_iter3_knn_set_1_load_121_reg_383  |    9|   0|    9|          0|
    |ap_phi_reg_pp2_iter3_knn_set_2_load_124_reg_362  |    9|   0|    9|          0|
    |ap_phi_reg_pp2_iter3_knn_set_3_load_127_reg_341  |    9|   0|    9|          0|
    |ap_phi_reg_pp2_iter3_knn_set_4_load_130_reg_320  |    9|   0|    9|          0|
    |ap_phi_reg_pp2_iter3_knn_set_5_load_115_reg_425  |    9|   0|    9|          0|
    |ap_phi_reg_pp2_iter4_knn_set_0_load_118_reg_404  |    9|   0|    9|          0|
    |ap_phi_reg_pp2_iter4_knn_set_1_load_121_reg_383  |    9|   0|    9|          0|
    |ap_phi_reg_pp2_iter4_knn_set_2_load_124_reg_362  |    9|   0|    9|          0|
    |ap_phi_reg_pp2_iter4_knn_set_3_load_127_reg_341  |    9|   0|    9|          0|
    |ap_phi_reg_pp2_iter4_knn_set_4_load_130_reg_320  |    9|   0|    9|          0|
    |ap_phi_reg_pp2_iter4_knn_set_5_load_115_reg_425  |    9|   0|    9|          0|
    |ap_phi_reg_pp2_iter5_knn_set_0_load_118_reg_404  |    9|   0|    9|          0|
    |ap_phi_reg_pp2_iter5_knn_set_1_load_121_reg_383  |    9|   0|    9|          0|
    |ap_phi_reg_pp2_iter5_knn_set_2_load_124_reg_362  |    9|   0|    9|          0|
    |ap_phi_reg_pp2_iter5_knn_set_3_load_127_reg_341  |    9|   0|    9|          0|
    |ap_phi_reg_pp2_iter5_knn_set_4_load_130_reg_320  |    9|   0|    9|          0|
    |ap_phi_reg_pp2_iter5_knn_set_5_load_115_reg_425  |    9|   0|    9|          0|
    |ap_phi_reg_pp2_iter6_knn_set_0_load_118_reg_404  |    9|   0|    9|          0|
    |ap_phi_reg_pp2_iter6_knn_set_1_load_121_reg_383  |    9|   0|    9|          0|
    |ap_phi_reg_pp2_iter6_knn_set_2_load_124_reg_362  |    9|   0|    9|          0|
    |ap_phi_reg_pp2_iter6_knn_set_3_load_127_reg_341  |    9|   0|    9|          0|
    |ap_phi_reg_pp2_iter6_knn_set_4_load_130_reg_320  |    9|   0|    9|          0|
    |ap_phi_reg_pp2_iter6_knn_set_5_load_115_reg_425  |    9|   0|    9|          0|
    |ap_phi_reg_pp2_iter7_knn_set_0_load_118_reg_404  |    9|   0|    9|          0|
    |ap_phi_reg_pp2_iter7_knn_set_1_load_121_reg_383  |    9|   0|    9|          0|
    |ap_phi_reg_pp2_iter7_knn_set_2_load_124_reg_362  |    9|   0|    9|          0|
    |ap_phi_reg_pp2_iter7_knn_set_3_load_127_reg_341  |    9|   0|    9|          0|
    |ap_phi_reg_pp2_iter7_knn_set_4_load_130_reg_320  |    9|   0|    9|          0|
    |ap_phi_reg_pp2_iter7_knn_set_5_load_115_reg_425  |    9|   0|    9|          0|
    |ap_phi_reg_pp2_iter8_knn_set_0_load_118_reg_404  |    9|   0|    9|          0|
    |ap_phi_reg_pp2_iter8_knn_set_1_load_121_reg_383  |    9|   0|    9|          0|
    |ap_phi_reg_pp2_iter8_knn_set_2_load_124_reg_362  |    9|   0|    9|          0|
    |ap_phi_reg_pp2_iter8_knn_set_3_load_127_reg_341  |    9|   0|    9|          0|
    |ap_phi_reg_pp2_iter8_knn_set_4_load_130_reg_320  |    9|   0|    9|          0|
    |ap_phi_reg_pp2_iter8_knn_set_5_load_115_reg_425  |    9|   0|    9|          0|
    |dist_reg_1620                                    |    8|   0|    8|          0|
    |i1_0_reg_204                                     |   12|   0|   12|          0|
    |i4_0_reg_309                                     |    8|   0|    8|          0|
    |i_0_i_reg_457                                    |    2|   0|    2|          0|
    |i_0_reg_192                                      |    9|   0|    9|          0|
    |i_1_reg_1425                                     |   12|   0|   12|          0|
    |i_2_reg_1524                                     |    8|   0|    8|          0|
    |i_reg_1416                                       |    9|   0|    9|          0|
    |icmp_ln13_1_reg_1735                             |    1|   0|    1|          0|
    |icmp_ln13_reg_1730                               |    1|   0|    1|          0|
    |icmp_ln4141_1_reg_1614                           |    1|   0|    1|          0|
    |icmp_ln4141_2_reg_1662                           |    1|   0|    1|          0|
    |icmp_ln4141_reg_1465                             |    1|   0|    1|          0|
    |icmp_ln4454_reg_1692                             |    1|   0|    1|          0|
    |icmp_ln4454_reg_1692_pp3_iter1_reg               |    1|   0|    1|          0|
    |icmp_ln4456_reg_1701                             |    1|   0|    1|          0|
    |icmp_ln4463_1_reg_1769                           |    1|   0|    1|          0|
    |icmp_ln4463_2_reg_1780                           |    1|   0|    1|          0|
    |icmp_ln4463_3_reg_1785                           |    1|   0|    1|          0|
    |icmp_ln4463_reg_1763                             |    1|   0|    1|          0|
    |icmp_ln6239_reg_1421                             |    1|   0|    1|          0|
    |icmp_ln6239_reg_1421_pp1_iter1_reg               |    1|   0|    1|          0|
    |icmp_ln6309_reg_1470                             |    1|   0|    1|          0|
    |icmp_ln6311_reg_1479                             |    1|   0|    1|          0|
    |index                                            |    1|   0|    1|          0|
    |index_load_reg_1409                              |    1|   0|    1|          0|
    |indvar_flatten11_reg_446                         |    3|   0|    3|          0|
    |indvar_flatten_reg_287                           |    9|   0|    9|          0|
    |j_0_i_reg_535                                    |    2|   0|    2|          0|
    |j_0_reg_298                                      |    2|   0|    2|          0|
    |j_reg_1750                                       |    2|   0|    2|          0|
    |knn_set_0                                        |    9|   0|   11|          2|
    |knn_set_0_load_1_reg_263                         |    9|   0|    9|          0|
    |knn_set_1                                        |    9|   0|   11|          2|
    |knn_set_1_load_1_reg_251                         |    9|   0|    9|          0|
    |knn_set_2                                        |    9|   0|   11|          2|
    |knn_set_2_load_1_reg_239                         |    9|   0|    9|          0|
    |knn_set_3                                        |    9|   0|   11|          2|
    |knn_set_3_load_1_reg_227                         |    9|   0|    9|          0|
    |knn_set_4                                        |    9|   0|   11|          2|
    |knn_set_4_load_1_reg_215                         |    9|   0|    9|          0|
    |knn_set_5                                        |    9|   0|   11|          2|
    |knn_set_5_load_1_reg_275                         |    9|   0|    9|          0|
    |label_list_1_1_reg_491                           |   32|   0|   32|          0|
    |label_list_2_1_reg_480                           |   32|   0|   32|          0|
    |lhs_V_reg_1455                                   |  196|   0|  196|          0|
    |min_distance_list_0_reg_1745                     |    9|   0|    9|          0|
    |min_distance_list_1_1_reg_524                    |   32|   0|   32|          0|
    |min_distance_list_2_1_reg_513                    |   32|   0|   32|          0|
    |mul_ln6315_1_reg_1539                            |   32|   0|   32|          0|
    |mul_ln6315_reg_1529                              |   15|   0|   15|          0|
    |reg_551                                          |   32|   0|   32|          0|
    |reg_557                                          |   32|   0|   32|          0|
    |reg_562                                          |   32|   0|   32|          0|
    |reg_567                                          |   32|   0|   32|          0|
    |reg_572                                          |   32|   0|   32|          0|
    |reg_577                                          |   32|   0|   32|          0|
    |reg_582                                          |   32|   0|   32|          0|
    |rhs_V_reg_1554                                   |  196|   0|  196|          0|
    |select_ln4141_1_reg_1609                         |    9|   0|    9|          0|
    |select_ln4141_2_reg_1632                         |    9|   0|    9|          0|
    |select_ln4141_3_reg_1657                         |    9|   0|    9|          0|
    |select_ln4141_reg_1584                           |    9|   0|    9|          0|
    |select_ln4454_reg_1740                           |    2|   0|    2|          0|
    |select_ln4463_1_reg_1774                         |    3|   0|    6|          3|
    |select_ln4463_3_reg_1707                         |    2|   0|    2|          0|
    |select_ln6315_1_reg_1496                         |    2|   0|    2|          0|
    |select_ln6315_2_reg_1512                         |    3|   0|    3|          0|
    |select_ln6315_3_reg_1517                         |    1|   0|    1|          0|
    |select_ln6315_reg_1485                           |    8|   0|    8|          0|
    |sub_ln4463_1_reg_1718                            |    3|   0|    3|          0|
    |sub_ln4463_reg_1687                              |    3|   0|    3|          0|
    |sub_ln6315_reg_1460                              |    3|   0|    3|          0|
    |tmp_V_30_reg_502                                 |   32|   0|   32|          0|
    |tmp_V_33_reg_469                                 |   32|   0|   32|          0|
    |tmp_V_37_reg_1435                                |   32|   0|   32|          0|
    |tmp_V_38_reg_1440                                |   32|   0|   32|          0|
    |tmp_V_39_reg_1445                                |   32|   0|   32|          0|
    |tmp_V_40_reg_1450                                |   32|   0|   32|          0|
    |trunc_ln4141_1_reg_1574                          |    9|   0|    9|          0|
    |trunc_ln4141_2_reg_1589                          |    9|   0|    9|          0|
    |trunc_ln4141_3_reg_1599                          |    9|   0|    9|          0|
    |trunc_ln4141_4_reg_1637                          |    9|   0|    9|          0|
    |trunc_ln4141_5_reg_1647                          |    9|   0|    9|          0|
    |trunc_ln4141_reg_1564                            |    9|   0|    9|          0|
    |trunc_ln414_reg_1430                             |    4|   0|    4|          0|
    |trunc_ln6315_1_reg_1502                          |    1|   0|    1|          0|
    |zext_ln13_reg_1755                               |    9|   0|   32|         23|
    |icmp_ln6309_reg_1470                             |   64|  32|    1|          0|
    |select_ln6315_2_reg_1512                         |   64|  32|    3|          0|
    |select_ln6315_3_reg_1517                         |   64|  32|    1|          0|
    |select_ln6315_reg_1485                           |   64|  32|    8|          0|
    +-------------------------------------------------+-----+----+-----+-----------+
    |Total                                            | 2116| 128| 1911|         38|
    +-------------------------------------------------+-----+----+-----+-----------+



================================================================
== Interface
================================================================
* Summary: 
+---------------------+-----+-----+------------+--------------+--------------+
|      RTL Ports      | Dir | Bits|  Protocol  | Source Object|    C Type    |
+---------------------+-----+-----+------------+--------------+--------------+
|ap_clk               |  in |    1| ap_ctrl_hs | update_knn12 | return value |
|ap_rst               |  in |    1| ap_ctrl_hs | update_knn12 | return value |
|ap_start             |  in |    1| ap_ctrl_hs | update_knn12 | return value |
|ap_done              | out |    1| ap_ctrl_hs | update_knn12 | return value |
|ap_idle              | out |    1| ap_ctrl_hs | update_knn12 | return value |
|ap_ready             | out |    1| ap_ctrl_hs | update_knn12 | return value |
|Input_1_V_V          |  in |   32|    ap_hs   |  Input_1_V_V |    pointer   |
|Input_1_V_V_ap_vld   |  in |    1|    ap_hs   |  Input_1_V_V |    pointer   |
|Input_1_V_V_ap_ack   | out |    1|    ap_hs   |  Input_1_V_V |    pointer   |
|Output_1_V_V         | out |   32|    ap_hs   | Output_1_V_V |    pointer   |
|Output_1_V_V_ap_vld  | out |    1|    ap_hs   | Output_1_V_V |    pointer   |
|Output_1_V_V_ap_ack  |  in |    1|    ap_hs   | Output_1_V_V |    pointer   |
+---------------------+-----+-----+------------+--------------+--------------+

