

================================================================
== Vivado HLS Report for 'update_knn11'
================================================================
* Date:           Sun Sep  6 16:11:29 2020

* Version:        2019.2 (Build 2704478 on Wed Nov 06 22:10:23 MST 2019)
* Project:        dg_reg
* Solution:       knn_cluster3
* Product family: zynq
* Target device:  xc7z020-clg400-1


================================================================
== Performance Estimates
================================================================
+ Timing: 
    * Summary: 
    +--------+----------+----------+------------+
    |  Clock |  Target  | Estimated| Uncertainty|
    +--------+----------+----------+------------+
    |ap_clk  | 10.00 ns | 8.677 ns |   1.25 ns  |
    +--------+----------+----------+------------+

+ Latency: 
    * Summary: 
    +---------+---------+----------+----------+-----+-------+---------+
    |  Latency (cycles) |  Latency (absolute) |   Interval  | Pipeline|
    |   min   |   max   |    min   |    max   | min |  max  |   Type  |
    +---------+---------+----------+----------+-----+-------+---------+
    |      493|    36496| 4.930 us | 0.365 ms |  493|  36496|   none  |
    +---------+---------+----------+----------+-----+-------+---------+

    + Detail: 
        * Instance: 
        +---------------------+----------+---------+---------+-----------+-----------+-----+-----+----------+
        |                     |          |  Latency (cycles) |   Latency (absolute)  |  Interval | Pipeline |
        |       Instance      |  Module  |   min   |   max   |    min    |    max    | min | max |   Type   |
        +---------------------+----------+---------+---------+-----------+-----------+-----+-----+----------+
        |grp_popcount_fu_345  |popcount  |        6|        6| 60.000 ns | 60.000 ns |    1|    1| function |
        +---------------------+----------+---------+---------+-----------+-----------+-----+-----+----------+

        * Loop: 
        +------------------------------+---------+---------+----------+-----------+-----------+------+----------+
        |                              |  Latency (cycles) | Iteration|  Initiation Interval  | Trip |          |
        |           Loop Name          |   min   |   max   |  Latency |  achieved |   target  | Count| Pipelined|
        +------------------------------+---------+---------+----------+-----------+-----------+------+----------+
        |- STORE_LOCAL                 |     3600|     3600|         8|          8|          1|   450|    yes   |
        |- TRANSFER_LOOP               |    32400|    32400|         9|          8|          1|  4050|    yes   |
        |- TRAINING_LOOP_LANES         |      460|      460|        12|          1|          1|   450|    yes   |
        |- LANES_INSERTION_SORT_OUTER  |        6|        6|         2|          1|          1|     6|    yes   |
        +------------------------------+---------+---------+----------+-----------+-----------+------+----------+



================================================================
== Utilization Estimates
================================================================
* Summary: 
+-----------------+---------+-------+--------+-------+-----+
|       Name      | BRAM_18K| DSP48E|   FF   |  LUT  | URAM|
+-----------------+---------+-------+--------+-------+-----+
|DSP              |        -|      1|       -|      -|    -|
|Expression       |        -|      0|       0|   1062|    -|
|FIFO             |        -|      -|       -|      -|    -|
|Instance         |        0|      -|    1364|   2588|    -|
|Memory           |        8|      -|       0|      0|    0|
|Multiplexer      |        -|      -|       -|    683|    -|
|Register         |        0|      -|    1421|     96|    -|
+-----------------+---------+-------+--------+-------+-----+
|Total            |        8|      1|    2785|   4429|    0|
+-----------------+---------+-------+--------+-------+-----+
|Available        |      280|    220|  106400|  53200|    0|
+-----------------+---------+-------+--------+-------+-----+
|Utilization (%)  |        2|   ~0  |       2|      8|    0|
+-----------------+---------+-------+--------+-------+-----+

+ Detail: 
    * Instance: 
    +-------------------------+----------------------+---------+-------+------+------+-----+
    |         Instance        |        Module        | BRAM_18K| DSP48E|  FF  |  LUT | URAM|
    +-------------------------+----------------------+---------+-------+------+------+-----+
    |knn_cluster3_mux_cud_U2  |knn_cluster3_mux_cud  |        0|      0|     0|    33|    0|
    |grp_popcount_fu_345      |popcount              |        0|      0|  1364|  2555|    0|
    +-------------------------+----------------------+---------+-------+------+------+-----+
    |Total                    |                      |        0|      0|  1364|  2588|    0|
    +-------------------------+----------------------+---------+-------+------+------+-----+

    * DSP48E: 
    +-------------------------+----------------------+-----------+
    |         Instance        |        Module        | Expression|
    +-------------------------+----------------------+-----------+
    |knn_cluster3_mul_dEe_U3  |knn_cluster3_mul_dEe  |  i0 * i1  |
    +-------------------------+----------------------+-----------+

    * Memory: 
    +------------------+----------------------+---------+---+----+-----+------+-----+------+-------------+
    |      Memory      |        Module        | BRAM_18K| FF| LUT| URAM| Words| Bits| Banks| W*Bits*Banks|
    +------------------+----------------------+---------+---+----+-----+------+-----+------+-------------+
    |training_set_V_U  |update_knn11_traibkb  |        8|  0|   0|    0|   450|  256|     1|       115200|
    +------------------+----------------------+---------+---+----+-----+------+-----+------+-------------+
    |Total             |                      |        8|  0|   0|    0|   450|  256|     1|       115200|
    +------------------+----------------------+---------+---+----+-----+------+-----+------+-------------+

    * FIFO: 
    N/A

    * Expression: 
    +-----------------------------------+----------+-------+---+-----+------------+------------+
    |           Variable Name           | Operation| DSP48E| FF| LUT | Bitwidth P0| Bitwidth P1|
    +-----------------------------------+----------+-------+---+-----+------------+------------+
    |mul_ln6186_fu_598_p2               |     *    |      0|  0|    6|          15|           2|
    |add_ln4150_fu_789_p2               |     +    |      0|  0|   12|           3|           3|
    |add_ln4454_5_fu_902_p2             |     +    |      0|  0|   10|           1|           2|
    |add_ln4454_fu_882_p2               |     +    |      0|  0|   12|           1|           3|
    |add_ln6180_1_fu_576_p2             |     +    |      0|  0|   10|           1|           2|
    |add_ln6180_fu_556_p2               |     +    |      0|  0|   15|           1|           9|
    |add_ln6185_fu_665_p2               |     +    |      0|  0|   15|           9|           9|
    |i_10_fu_644_p2                     |     +    |      0|  0|   15|           8|           1|
    |i_9_fu_453_p2                      |     +    |      0|  0|   12|          12|           1|
    |i_fu_415_p2                        |     +    |      0|  0|   15|           9|           1|
    |j_fu_998_p2                        |     +    |      0|  0|   10|           1|           2|
    |min_distance_list_0_fu_980_p7      |     +    |      0|  0|   12|           3|           3|
    |sub_ln4463_5_fu_924_p2             |     -    |      0|  0|   12|           3|           3|
    |sub_ln4463_fu_870_p2               |     -    |      0|  0|   12|           3|           3|
    |sub_ln6186_1_fu_616_p2             |     -    |      0|  0|   12|           3|           3|
    |sub_ln6186_fu_538_p2               |     -    |      0|  0|   12|           3|           3|
    |ap_block_pp1_stage1_01001          |    and   |      0|  0|    2|           1|           1|
    |ap_block_state11_pp1_stage0_iter0  |    and   |      0|  0|    2|           1|           1|
    |ap_block_state19_pp1_stage0_iter1  |    and   |      0|  0|    2|           1|           1|
    |ap_block_state2                    |    and   |      0|  0|    2|           1|           1|
    |icmp_ln4141_1_fu_714_p2            |   icmp   |      0|  0|   13|           9|           9|
    |icmp_ln4141_2_fu_743_p2            |   icmp   |      0|  0|   13|           9|           9|
    |icmp_ln4141_7_fu_630_p2            |   icmp   |      0|  0|    9|           3|           3|
    |icmp_ln4141_fu_544_p2              |   icmp   |      0|  0|    9|           3|           3|
    |icmp_ln4149_fu_783_p2              |   icmp   |      0|  0|   13|           9|           9|
    |icmp_ln4454_fu_876_p2              |   icmp   |      0|  0|    9|           3|           3|
    |icmp_ln4456_fu_888_p2              |   icmp   |      0|  0|    8|           2|           2|
    |icmp_ln4463_1_fu_1017_p2           |   icmp   |      0|  0|   18|          32|          32|
    |icmp_ln4463_2_fu_1044_p2           |   icmp   |      0|  0|   18|          32|          32|
    |icmp_ln4463_8_fu_1059_p2           |   icmp   |      0|  0|    9|           4|           1|
    |icmp_ln4463_fu_1004_p2             |   icmp   |      0|  0|   18|          32|          32|
    |icmp_ln4474_1_fu_1138_p2           |   icmp   |      0|  0|   11|           6|           1|
    |icmp_ln4474_fu_1095_p2             |   icmp   |      0|  0|   11|           5|           1|
    |icmp_ln4479_1_fu_1144_p2           |   icmp   |      0|  0|   11|           6|           1|
    |icmp_ln4479_fu_1101_p2             |   icmp   |      0|  0|   11|           6|           2|
    |icmp_ln6097_fu_409_p2              |   icmp   |      0|  0|   13|           9|           7|
    |icmp_ln6111_fu_447_p2              |   icmp   |      0|  0|   13|          12|           7|
    |icmp_ln6180_fu_550_p2              |   icmp   |      0|  0|   13|           9|           7|
    |icmp_ln6182_fu_562_p2              |   icmp   |      0|  0|   11|           8|           6|
    |ap_block_pp1_stage0_01001          |    or    |      0|  0|    2|           1|           1|
    |ap_block_state1                    |    or    |      0|  0|    2|           1|           1|
    |ap_block_state12_pp1_stage1_iter0  |    or    |      0|  0|    2|           1|           1|
    |ap_block_state20                   |    or    |      0|  0|    2|           1|           1|
    |or_ln4141_fu_757_p2                |    or    |      0|  0|    2|           1|           1|
    |label_list_2_10_fu_1150_p3         |  select  |      0|  0|   32|           1|           3|
    |min_distance_list_2_23_fu_1115_p3  |  select  |      0|  0|   32|           1|          32|
    |min_distance_list_2_24_fu_1130_p3  |  select  |      0|  0|   32|           1|          32|
    |min_distance_list_2_25_fu_1158_p3  |  select  |      0|  0|   32|           1|          32|
    |phitmp_i_2_fu_1065_p3              |  select  |      0|  0|    3|           1|           3|
    |select_ln4141_25_fu_707_p3         |  select  |      0|  0|    9|           1|           9|
    |select_ln4141_26_fu_720_p3         |  select  |      0|  0|    9|           1|           9|
    |select_ln4141_27_fu_736_p3         |  select  |      0|  0|    9|           1|           9|
    |select_ln4141_28_fu_775_p3         |  select  |      0|  0|    9|           1|           9|
    |select_ln4141_29_fu_749_p3         |  select  |      0|  0|    3|           1|           3|
    |select_ln4141_30_fu_763_p3         |  select  |      0|  0|    2|           1|           2|
    |select_ln4141_fu_692_p3            |  select  |      0|  0|    9|           1|           9|
    |select_ln4454_fu_938_p3            |  select  |      0|  0|    2|           1|           2|
    |select_ln4463_10_fu_1077_p3        |  select  |      0|  0|    6|           1|           6|
    |select_ln4463_11_fu_894_p3         |  select  |      0|  0|    2|           1|           1|
    |select_ln4463_12_fu_930_p3         |  select  |      0|  0|    3|           1|           3|
    |select_ln4463_9_fu_1032_p3         |  select  |      0|  0|    6|           1|           6|
    |select_ln4463_fu_1009_p3           |  select  |      0|  0|    6|           1|           1|
    |select_ln4474_14_fu_1165_p3        |  select  |      0|  0|   32|           1|          32|
    |select_ln4474_15_fu_1173_p3        |  select  |      0|  0|   32|           1|          32|
    |select_ln4474_fu_1122_p3           |  select  |      0|  0|   32|           1|          32|
    |select_ln4479_24_fu_1181_p3        |  select  |      0|  0|   32|           1|           3|
    |select_ln4479_25_fu_1189_p3        |  select  |      0|  0|   32|           1|          32|
    |select_ln4479_fu_1107_p3           |  select  |      0|  0|   32|           1|           3|
    |select_ln6186_1_fu_586_p3          |  select  |      0|  0|    2|           1|           2|
    |select_ln6186_2_fu_622_p3          |  select  |      0|  0|    3|           1|           3|
    |select_ln6186_3_fu_636_p3          |  select  |      0|  0|    2|           1|           1|
    |select_ln6186_fu_568_p3            |  select  |      0|  0|    8|           1|           1|
    |ap_enable_pp1                      |    xor   |      0|  0|    2|           1|           2|
    |ap_enable_pp2                      |    xor   |      0|  0|    2|           1|           2|
    |ap_enable_pp3                      |    xor   |      0|  0|    2|           1|           2|
    |ap_enable_reg_pp2_iter1            |    xor   |      0|  0|    2|           2|           1|
    |ap_enable_reg_pp3_iter1            |    xor   |      0|  0|    2|           2|           1|
    |not_icmp_ln4463_fu_1022_p2         |    xor   |      0|  0|    2|           1|           2|
    |ret_V_fu_679_p2                    |    xor   |      0|  0|  196|         196|         196|
    +-----------------------------------+----------+-------+---+-----+------------+------------+
    |Total                              |          |      0|  0| 1062|         516|         744|
    +-----------------------------------+----------+-------+---+-----+------------+------------+

    * Multiplexer: 
    +-----------------------------------+-----+-----------+-----+-----------+
    |                Name               | LUT | Input Size| Bits| Total Bits|
    +-----------------------------------+-----+-----------+-----+-----------+
    |Input_1_V_V_blk_n                  |    9|          2|    1|          2|
    |Output_1_V_V_blk_n                 |    9|          2|    1|          2|
    |Output_1_V_V_din                   |   47|         10|   32|        320|
    |ap_NS_fsm                          |  201|         46|    1|         46|
    |ap_done                            |    9|          2|    1|          2|
    |ap_enable_reg_pp1_iter1            |    9|          2|    1|          2|
    |ap_enable_reg_pp2_iter1            |    9|          2|    1|          2|
    |ap_enable_reg_pp2_iter11           |    9|          2|    1|          2|
    |ap_enable_reg_pp3_iter1            |   15|          3|    1|          3|
    |ap_phi_mux_i1_0_phi_fu_206_p4      |    9|          2|   12|         24|
    |ap_phi_mux_j_0_phi_fu_228_p4       |    9|          2|    2|          4|
    |ap_sig_allocacmp_knn_set_4_0_load  |    9|          2|    9|         18|
    |ap_sig_allocacmp_knn_set_4_1_load  |    9|          2|    9|         18|
    |ap_sig_allocacmp_knn_set_4_2_load  |    9|          2|    9|         18|
    |ap_sig_allocacmp_knn_set_4_3_load  |    9|          2|    9|         18|
    |ap_sig_allocacmp_knn_set_4_4_load  |    9|          2|    9|         18|
    |ap_sig_allocacmp_knn_set_4_5_load  |    9|          2|    9|         18|
    |grp_load_fu_350_p1                 |   15|          3|   11|         33|
    |grp_load_fu_354_p1                 |   15|          3|   11|         33|
    |grp_load_fu_358_p1                 |   15|          3|   11|         33|
    |grp_load_fu_362_p1                 |   15|          3|   11|         33|
    |grp_load_fu_366_p1                 |   15|          3|   11|         33|
    |grp_load_fu_370_p1                 |   15|          3|   11|         33|
    |i1_0_reg_202                       |    9|          2|   12|         24|
    |i4_0_reg_235                       |    9|          2|    8|         16|
    |i_0_i_reg_257                      |    9|          2|    2|          4|
    |i_0_reg_190                        |    9|          2|    9|         18|
    |indvar_flatten11_reg_246           |    9|          2|    3|          6|
    |indvar_flatten_reg_213             |    9|          2|    9|         18|
    |j_0_i_reg_334                      |    9|          2|    2|          4|
    |j_0_reg_224                        |    9|          2|    2|          4|
    |knn_set_4_0                        |    9|          2|    9|         18|
    |knn_set_4_1                        |    9|          2|    9|         18|
    |knn_set_4_2                        |    9|          2|    9|         18|
    |knn_set_4_3                        |    9|          2|    9|         18|
    |knn_set_4_4                        |    9|          2|    9|         18|
    |knn_set_4_5                        |    9|          2|    9|         18|
    |label_list_1_5_reg_290             |    9|          2|   32|         64|
    |label_list_2_9_reg_279             |    9|          2|   32|         64|
    |min_distance_list_1_9_reg_323      |    9|          2|   32|         64|
    |min_distance_list_2_21_reg_312     |    9|          2|   32|         64|
    |real_start                         |    9|          2|    1|          2|
    |tmp_V_194_reg_301                  |    9|          2|   32|         64|
    |tmp_V_197_reg_268                  |    9|          2|   32|         64|
    |training_set_V_address0            |   15|          3|    9|         27|
    +-----------------------------------+-----+-----------+-----+-----------+
    |Total                              |  683|        150|  477|       1330|
    +-----------------------------------+-----+-----------+-----+-----------+

    * Register: 
    +--------------------------------------+-----+----+-----+-----------+
    |                 Name                 |  FF | LUT| Bits| Const Bits|
    +--------------------------------------+-----+----+-----+-----------+
    |ap_CS_fsm                             |   45|   0|   45|          0|
    |ap_done_reg                           |    1|   0|    1|          0|
    |ap_enable_reg_pp1_iter0               |    1|   0|    1|          0|
    |ap_enable_reg_pp1_iter1               |    1|   0|    1|          0|
    |ap_enable_reg_pp2_iter0               |    1|   0|    1|          0|
    |ap_enable_reg_pp2_iter1               |    1|   0|    1|          0|
    |ap_enable_reg_pp2_iter10              |    1|   0|    1|          0|
    |ap_enable_reg_pp2_iter11              |    1|   0|    1|          0|
    |ap_enable_reg_pp2_iter2               |    1|   0|    1|          0|
    |ap_enable_reg_pp2_iter3               |    1|   0|    1|          0|
    |ap_enable_reg_pp2_iter4               |    1|   0|    1|          0|
    |ap_enable_reg_pp2_iter5               |    1|   0|    1|          0|
    |ap_enable_reg_pp2_iter6               |    1|   0|    1|          0|
    |ap_enable_reg_pp2_iter7               |    1|   0|    1|          0|
    |ap_enable_reg_pp2_iter8               |    1|   0|    1|          0|
    |ap_enable_reg_pp2_iter9               |    1|   0|    1|          0|
    |ap_enable_reg_pp3_iter0               |    1|   0|    1|          0|
    |ap_enable_reg_pp3_iter1               |    1|   0|    1|          0|
    |i1_0_reg_202                          |   12|   0|   12|          0|
    |i4_0_reg_235                          |    8|   0|    8|          0|
    |i_0_i_reg_257                         |    2|   0|    2|          0|
    |i_0_reg_190                           |    9|   0|    9|          0|
    |i_9_reg_1219                          |   12|   0|   12|          0|
    |i_reg_1210                            |    9|   0|    9|          0|
    |icmp_ln4141_2_reg_1320                |    1|   0|    1|          0|
    |icmp_ln4454_reg_1336                  |    1|   0|    1|          0|
    |icmp_ln6111_reg_1215                  |    1|   0|    1|          0|
    |icmp_ln6180_reg_1254                  |    1|   0|    1|          0|
    |index_4                               |    1|   0|    1|          0|
    |index_4_load_reg_1203                 |    1|   0|    1|          0|
    |indvar_flatten11_reg_246              |    3|   0|    3|          0|
    |indvar_flatten_reg_213                |    9|   0|    9|          0|
    |j_0_i_reg_334                         |    2|   0|    2|          0|
    |j_0_reg_224                           |    2|   0|    2|          0|
    |knn_set_4_0                           |    9|   0|   11|          2|
    |knn_set_4_1                           |    9|   0|   11|          2|
    |knn_set_4_2                           |    9|   0|   11|          2|
    |knn_set_4_3                           |    9|   0|   11|          2|
    |knn_set_4_4                           |    9|   0|   11|          2|
    |knn_set_4_5                           |    9|   0|   11|          2|
    |label_list_1_5_reg_290                |   32|   0|   32|          0|
    |label_list_2_9_reg_279                |   32|   0|   32|          0|
    |lhs_V_reg_1249                        |  196|   0|  196|          0|
    |min_distance_list_0_reg_1350          |   32|   0|   32|          0|
    |min_distance_list_1_9_reg_323         |   32|   0|   32|          0|
    |min_distance_list_2_21_reg_312        |   32|   0|   32|          0|
    |mul_ln6186_reg_1273                   |   15|   0|   15|          0|
    |reg_374                               |   32|   0|   32|          0|
    |reg_380                               |   32|   0|   32|          0|
    |reg_384                               |   32|   0|   32|          0|
    |reg_388                               |   32|   0|   32|          0|
    |reg_392                               |   32|   0|   32|          0|
    |reg_396                               |   32|   0|   32|          0|
    |reg_400                               |   32|   0|   32|          0|
    |ret_V_reg_1305                        |  196|   0|  196|          0|
    |select_ln4141_26_reg_1310             |    9|   0|    9|          0|
    |select_ln4141_27_reg_1315             |    9|   0|    9|          0|
    |select_ln4141_30_reg_1325             |    2|   0|    2|          0|
    |select_ln6186_1_reg_1268              |    2|   0|    2|          0|
    |select_ln6186_2_reg_1278              |    3|   0|    3|          0|
    |select_ln6186_3_reg_1283              |    1|   0|    1|          0|
    |select_ln6186_reg_1263                |    8|   0|    8|          0|
    |select_ln6186_reg_1263_pp2_iter1_reg  |    8|   0|    8|          0|
    |start_once_reg                        |    1|   0|    1|          0|
    |tmp_V_194_reg_301                     |   32|   0|   32|          0|
    |tmp_V_197_reg_268                     |   32|   0|   32|          0|
    |tmp_V_201_reg_1229                    |   32|   0|   32|          0|
    |tmp_V_202_reg_1234                    |   32|   0|   32|          0|
    |tmp_V_203_reg_1239                    |   32|   0|   32|          0|
    |tmp_V_204_reg_1244                    |   32|   0|   32|          0|
    |trunc_ln414_reg_1224                  |    4|   0|    4|          0|
    |trunc_ln6186_mid2_reg_1295            |    9|   0|    9|          0|
    |icmp_ln6180_reg_1254                  |   64|  32|    1|          0|
    |select_ln6186_2_reg_1278              |   64|  32|    3|          0|
    |select_ln6186_3_reg_1283              |   64|  32|    1|          0|
    +--------------------------------------+-----+----+-----+-----------+
    |Total                                 | 1421|  96| 1246|         12|
    +--------------------------------------+-----+----+-----+-----------+



================================================================
== Interface
================================================================
* Summary: 
+---------------------+-----+-----+------------+--------------+--------------+
|      RTL Ports      | Dir | Bits|  Protocol  | Source Object|    C Type    |
+---------------------+-----+-----+------------+--------------+--------------+
|ap_clk               |  in |    1| ap_ctrl_hs | update_knn11 | return value |
|ap_rst               |  in |    1| ap_ctrl_hs | update_knn11 | return value |
|ap_start             |  in |    1| ap_ctrl_hs | update_knn11 | return value |
|start_full_n         |  in |    1| ap_ctrl_hs | update_knn11 | return value |
|ap_done              | out |    1| ap_ctrl_hs | update_knn11 | return value |
|ap_continue          |  in |    1| ap_ctrl_hs | update_knn11 | return value |
|ap_idle              | out |    1| ap_ctrl_hs | update_knn11 | return value |
|ap_ready             | out |    1| ap_ctrl_hs | update_knn11 | return value |
|start_out            | out |    1| ap_ctrl_hs | update_knn11 | return value |
|start_write          | out |    1| ap_ctrl_hs | update_knn11 | return value |
|Input_1_V_V          |  in |   32|    ap_hs   |  Input_1_V_V |    pointer   |
|Input_1_V_V_ap_vld   |  in |    1|    ap_hs   |  Input_1_V_V |    pointer   |
|Input_1_V_V_ap_ack   | out |    1|    ap_hs   |  Input_1_V_V |    pointer   |
|Output_1_V_V_din     | out |   32|   ap_fifo  | Output_1_V_V |    pointer   |
|Output_1_V_V_full_n  |  in |    1|   ap_fifo  | Output_1_V_V |    pointer   |
|Output_1_V_V_write   | out |    1|   ap_fifo  | Output_1_V_V |    pointer   |
+---------------------+-----+-----+------------+--------------+--------------+

