

================================================================
== Vivado HLS Report for 'update_knn15'
================================================================
* Date:           Sun Sep  6 16:11:31 2020

* Version:        2019.2 (Build 2704478 on Wed Nov 06 22:10:23 MST 2019)
* Project:        dg_reg
* Solution:       knn_cluster3
* Product family: zynq
* Target device:  xc7z020-clg400-1


================================================================
== Performance Estimates
================================================================
+ Timing: 
    * Summary: 
    +--------+----------+----------+------------+
    |  Clock |  Target  | Estimated| Uncertainty|
    +--------+----------+----------+------------+
    |ap_clk  | 10.00 ns | 8.677 ns |   1.25 ns  |
    +--------+----------+----------+------------+

+ Latency: 
    * Summary: 
    +---------+---------+----------+----------+-----+-------+---------+
    |  Latency (cycles) |  Latency (absolute) |   Interval  | Pipeline|
    |   min   |   max   |    min   |    max   | min |  max  |   Type  |
    +---------+---------+----------+----------+-----+-------+---------+
    |      494|    22098| 4.940 us | 0.221 ms |  494|  22098|   none  |
    +---------+---------+----------+----------+-----+-------+---------+

    + Detail: 
        * Instance: 
        +---------------------+----------+---------+---------+-----------+-----------+-----+-----+----------+
        |                     |          |  Latency (cycles) |   Latency (absolute)  |  Interval | Pipeline |
        |       Instance      |  Module  |   min   |   max   |    min    |    max    | min | max |   Type   |
        +---------------------+----------+---------+---------+-----------+-----------+-----+-----+----------+
        |grp_popcount_fu_347  |popcount  |        6|        6| 60.000 ns | 60.000 ns |    1|    1| function |
        +---------------------+----------+---------+---------+-----------+-----------+-----+-----+----------+

        * Loop: 
        +------------------------------+---------+---------+----------+-----------+-----------+------+----------+
        |                              |  Latency (cycles) | Iteration|  Initiation Interval  | Trip |          |
        |           Loop Name          |   min   |   max   |  Latency |  achieved |   target  | Count| Pipelined|
        +------------------------------+---------+---------+----------+-----------+-----------+------+----------+
        |- STORE_LOCAL                 |     3600|     3600|         9|          8|          1|   450|    yes   |
        |- TRANSFER_LOOP               |    18001|    18001|        10|          8|          1|  2250|    yes   |
        |- TRAINING_LOOP_LANES         |      460|      460|        12|          1|          1|   450|    yes   |
        |- LANES_INSERTION_SORT_OUTER  |        6|        6|         2|          1|          1|     6|    yes   |
        +------------------------------+---------+---------+----------+-----------+-----------+------+----------+



================================================================
== Utilization Estimates
================================================================
* Summary: 
+-----------------+---------+-------+--------+-------+-----+
|       Name      | BRAM_18K| DSP48E|   FF   |  LUT  | URAM|
+-----------------+---------+-------+--------+-------+-----+
|DSP              |        -|      1|       -|      -|    -|
|Expression       |        -|      0|       0|   1082|    -|
|FIFO             |        -|      -|       -|      -|    -|
|Instance         |        0|      -|    1364|   2588|    -|
|Memory           |        8|      -|       0|      0|    0|
|Multiplexer      |        -|      -|       -|    711|    -|
|Register         |        0|      -|    1425|     96|    -|
+-----------------+---------+-------+--------+-------+-----+
|Total            |        8|      1|    2789|   4477|    0|
+-----------------+---------+-------+--------+-------+-----+
|Available        |      280|    220|  106400|  53200|    0|
+-----------------+---------+-------+--------+-------+-----+
|Utilization (%)  |        2|   ~0  |       2|      8|    0|
+-----------------+---------+-------+--------+-------+-----+

+ Detail: 
    * Instance: 
    +--------------------------+----------------------+---------+-------+------+------+-----+
    |         Instance         |        Module        | BRAM_18K| DSP48E|  FF  |  LUT | URAM|
    +--------------------------+----------------------+---------+-------+------+------+-----+
    |knn_cluster3_mux_cud_U21  |knn_cluster3_mux_cud  |        0|      0|     0|    33|    0|
    |grp_popcount_fu_347       |popcount              |        0|      0|  1364|  2555|    0|
    +--------------------------+----------------------+---------+-------+------+------+-----+
    |Total                     |                      |        0|      0|  1364|  2588|    0|
    +--------------------------+----------------------+---------+-------+------+------+-----+

    * DSP48E: 
    +--------------------------+----------------------+-----------+
    |         Instance         |        Module        | Expression|
    +--------------------------+----------------------+-----------+
    |knn_cluster3_mul_dEe_U22  |knn_cluster3_mul_dEe  |  i0 * i1  |
    +--------------------------+----------------------+-----------+

    * Memory: 
    +--------------------+----------------------+---------+---+----+-----+------+-----+------+-------------+
    |       Memory       |        Module        | BRAM_18K| FF| LUT| URAM| Words| Bits| Banks| W*Bits*Banks|
    +--------------------+----------------------+---------+---+----+-----+------+-----+------+-------------+
    |training_set_V_4_U  |update_knn11_traibkb  |        8|  0|   0|    0|   450|  256|     1|       115200|
    +--------------------+----------------------+---------+---+----+-----+------+-----+------+-------------+
    |Total               |                      |        8|  0|   0|    0|   450|  256|     1|       115200|
    +--------------------+----------------------+---------+---+----+-----+------+-----+------+-------------+

    * FIFO: 
    N/A

    * Expression: 
    +-----------------------------------+----------+-------+---+-----+------------+------------+
    |           Variable Name           | Operation| DSP48E| FF| LUT | Bitwidth P0| Bitwidth P1|
    +-----------------------------------+----------+-------+---+-----+------------+------------+
    |mul_ln6797_fu_605_p2               |     *    |      0|  0|    6|          15|           2|
    |add_ln4150_fu_796_p2               |     +    |      0|  0|   12|           3|           3|
    |add_ln4454_1_fu_909_p2             |     +    |      0|  0|   10|           1|           2|
    |add_ln4454_fu_889_p2               |     +    |      0|  0|   12|           1|           3|
    |add_ln6791_1_fu_583_p2             |     +    |      0|  0|   10|           1|           2|
    |add_ln6791_fu_563_p2               |     +    |      0|  0|   15|           1|           9|
    |add_ln6796_fu_672_p2               |     +    |      0|  0|   15|           9|           9|
    |i_1_fu_460_p2                      |     +    |      0|  0|   12|          12|           1|
    |i_2_fu_651_p2                      |     +    |      0|  0|   15|           8|           1|
    |i_fu_422_p2                        |     +    |      0|  0|   15|           9|           1|
    |j_fu_1005_p2                       |     +    |      0|  0|   10|           1|           2|
    |min_distance_list_0_fu_987_p7      |     +    |      0|  0|   12|           3|           3|
    |sub_ln4463_1_fu_931_p2             |     -    |      0|  0|   12|           3|           3|
    |sub_ln4463_fu_877_p2               |     -    |      0|  0|   12|           3|           3|
    |sub_ln6797_1_fu_623_p2             |     -    |      0|  0|   12|           3|           3|
    |sub_ln6797_fu_545_p2               |     -    |      0|  0|   12|           3|           3|
    |ap_block_pp0_stage0_11001          |    and   |      0|  0|    2|           1|           1|
    |ap_block_pp0_stage1_11001          |    and   |      0|  0|    2|           1|           1|
    |ap_block_pp1_stage0_01001          |    and   |      0|  0|    2|           1|           1|
    |ap_block_pp1_stage0_11001          |    and   |      0|  0|    2|           1|           1|
    |ap_block_pp1_stage1_01001          |    and   |      0|  0|    2|           1|           1|
    |ap_block_pp1_stage2_11001          |    and   |      0|  0|    2|           1|           1|
    |ap_block_pp1_stage3_11001          |    and   |      0|  0|    2|           1|           1|
    |ap_block_pp1_stage4_11001          |    and   |      0|  0|    2|           1|           1|
    |ap_block_pp1_stage5_11001          |    and   |      0|  0|    2|           1|           1|
    |ap_block_pp1_stage6_11001          |    and   |      0|  0|    2|           1|           1|
    |ap_block_pp1_stage7_11001          |    and   |      0|  0|    2|           1|           1|
    |ap_block_state10_pp0_stage0_iter1  |    and   |      0|  0|    2|           1|           1|
    |ap_block_state13_io                |    and   |      0|  0|    2|           1|           1|
    |ap_block_state13_pp1_stage1_iter0  |    and   |      0|  0|    2|           1|           1|
    |ap_block_state21_io                |    and   |      0|  0|    2|           1|           1|
    |icmp_ln4141_1_fu_721_p2            |   icmp   |      0|  0|   13|           9|           9|
    |icmp_ln4141_2_fu_750_p2            |   icmp   |      0|  0|   13|           9|           9|
    |icmp_ln4141_3_fu_637_p2            |   icmp   |      0|  0|    9|           3|           3|
    |icmp_ln4141_fu_551_p2              |   icmp   |      0|  0|    9|           3|           3|
    |icmp_ln4149_fu_790_p2              |   icmp   |      0|  0|   13|           9|           9|
    |icmp_ln4454_fu_883_p2              |   icmp   |      0|  0|    9|           3|           3|
    |icmp_ln4456_fu_895_p2              |   icmp   |      0|  0|    8|           2|           2|
    |icmp_ln4463_1_fu_1024_p2           |   icmp   |      0|  0|   18|          32|          32|
    |icmp_ln4463_2_fu_1051_p2           |   icmp   |      0|  0|   18|          32|          32|
    |icmp_ln4463_3_fu_1066_p2           |   icmp   |      0|  0|    9|           4|           1|
    |icmp_ln4463_fu_1011_p2             |   icmp   |      0|  0|   18|          32|          32|
    |icmp_ln4474_1_fu_1145_p2           |   icmp   |      0|  0|   11|           6|           1|
    |icmp_ln4474_fu_1102_p2             |   icmp   |      0|  0|   11|           5|           1|
    |icmp_ln4479_1_fu_1151_p2           |   icmp   |      0|  0|   11|           6|           1|
    |icmp_ln4479_fu_1108_p2             |   icmp   |      0|  0|   11|           6|           2|
    |icmp_ln6708_fu_416_p2              |   icmp   |      0|  0|   13|           9|           7|
    |icmp_ln6722_fu_454_p2              |   icmp   |      0|  0|   13|          12|          12|
    |icmp_ln6791_fu_557_p2              |   icmp   |      0|  0|   13|           9|           7|
    |icmp_ln6793_fu_569_p2              |   icmp   |      0|  0|   11|           8|           6|
    |ap_block_pp1_stage1_11001          |    or    |      0|  0|    2|           1|           1|
    |ap_block_state1                    |    or    |      0|  0|    2|           1|           1|
    |or_ln4141_fu_764_p2                |    or    |      0|  0|    2|           1|           1|
    |label_list_2_2_fu_1157_p3          |  select  |      0|  0|   32|           1|           3|
    |min_distance_list_2_3_fu_1122_p3   |  select  |      0|  0|   32|           1|          32|
    |min_distance_list_2_4_fu_1137_p3   |  select  |      0|  0|   32|           1|          32|
    |min_distance_list_2_5_fu_1165_p3   |  select  |      0|  0|   32|           1|          32|
    |phitmp_i_2_fu_1072_p3              |  select  |      0|  0|    3|           1|           3|
    |select_ln4141_1_fu_714_p3          |  select  |      0|  0|    9|           1|           9|
    |select_ln4141_2_fu_727_p3          |  select  |      0|  0|    9|           1|           9|
    |select_ln4141_3_fu_743_p3          |  select  |      0|  0|    9|           1|           9|
    |select_ln4141_4_fu_756_p3          |  select  |      0|  0|    3|           1|           3|
    |select_ln4141_5_fu_782_p3          |  select  |      0|  0|    9|           1|           9|
    |select_ln4141_6_fu_770_p3          |  select  |      0|  0|    2|           1|           2|
    |select_ln4141_fu_699_p3            |  select  |      0|  0|    9|           1|           9|
    |select_ln4454_fu_945_p3            |  select  |      0|  0|    2|           1|           2|
    |select_ln4463_1_fu_1039_p3         |  select  |      0|  0|    6|           1|           6|
    |select_ln4463_2_fu_1084_p3         |  select  |      0|  0|    6|           1|           6|
    |select_ln4463_3_fu_901_p3          |  select  |      0|  0|    2|           1|           1|
    |select_ln4463_4_fu_937_p3          |  select  |      0|  0|    3|           1|           3|
    |select_ln4463_fu_1016_p3           |  select  |      0|  0|    6|           1|           1|
    |select_ln4474_2_fu_1172_p3         |  select  |      0|  0|   32|           1|          32|
    |select_ln4474_3_fu_1180_p3         |  select  |      0|  0|   32|           1|          32|
    |select_ln4474_fu_1129_p3           |  select  |      0|  0|   32|           1|          32|
    |select_ln4479_4_fu_1188_p3         |  select  |      0|  0|   32|           1|           3|
    |select_ln4479_5_fu_1196_p3         |  select  |      0|  0|   32|           1|          32|
    |select_ln4479_fu_1114_p3           |  select  |      0|  0|   32|           1|           3|
    |select_ln6797_1_fu_593_p3          |  select  |      0|  0|    2|           1|           2|
    |select_ln6797_2_fu_629_p3          |  select  |      0|  0|    3|           1|           3|
    |select_ln6797_3_fu_643_p3          |  select  |      0|  0|    2|           1|           1|
    |select_ln6797_fu_575_p3            |  select  |      0|  0|    8|           1|           1|
    |ap_enable_pp0                      |    xor   |      0|  0|    2|           1|           2|
    |ap_enable_pp1                      |    xor   |      0|  0|    2|           1|           2|
    |ap_enable_pp2                      |    xor   |      0|  0|    2|           1|           2|
    |ap_enable_pp3                      |    xor   |      0|  0|    2|           1|           2|
    |ap_enable_reg_pp2_iter1            |    xor   |      0|  0|    2|           2|           1|
    |ap_enable_reg_pp3_iter1            |    xor   |      0|  0|    2|           2|           1|
    |not_icmp_ln4463_fu_1029_p2         |    xor   |      0|  0|    2|           1|           2|
    |ret_V_fu_686_p2                    |    xor   |      0|  0|  196|         196|         196|
    +-----------------------------------+----------+-------+---+-----+------------+------------+
    |Total                              |          |      0|  0| 1082|         526|         760|
    +-----------------------------------+----------+-------+---+-----+------------+------------+

    * Multiplexer: 
    +---------------------------------+-----+-----------+-----+-----------+
    |               Name              | LUT | Input Size| Bits| Total Bits|
    +---------------------------------+-----+-----------+-----+-----------+
    |Input_1_V_V_blk_n                |    9|          2|    1|          2|
    |Output_1_V_V_blk_n               |    9|          2|    1|          2|
    |Output_1_V_V_int                 |   62|         15|   32|        480|
    |ap_NS_fsm                        |  205|         47|    1|         47|
    |ap_done                          |    9|          2|    1|          2|
    |ap_enable_reg_pp0_iter1          |    9|          2|    1|          2|
    |ap_enable_reg_pp1_iter1          |    9|          2|    1|          2|
    |ap_enable_reg_pp2_iter1          |    9|          2|    1|          2|
    |ap_enable_reg_pp2_iter11         |    9|          2|    1|          2|
    |ap_enable_reg_pp3_iter1          |   15|          3|    1|          3|
    |ap_phi_mux_i1_0_phi_fu_208_p4    |    9|          2|   12|         24|
    |ap_phi_mux_i_0_phi_fu_196_p4     |    9|          2|    9|         18|
    |ap_phi_mux_j_0_phi_fu_230_p4     |    9|          2|    2|          4|
    |ap_sig_allocacmp_knn_set_0_load  |    9|          2|    9|         18|
    |ap_sig_allocacmp_knn_set_1_load  |    9|          2|    9|         18|
    |ap_sig_allocacmp_knn_set_2_load  |    9|          2|    9|         18|
    |ap_sig_allocacmp_knn_set_3_load  |    9|          2|    9|         18|
    |ap_sig_allocacmp_knn_set_4_load  |    9|          2|    9|         18|
    |ap_sig_allocacmp_knn_set_load    |    9|          2|    9|         18|
    |grp_load_fu_352_p1               |   15|          3|   11|         33|
    |grp_load_fu_356_p1               |   15|          3|   11|         33|
    |grp_load_fu_360_p1               |   15|          3|   11|         33|
    |grp_load_fu_364_p1               |   15|          3|   11|         33|
    |grp_load_fu_368_p1               |   15|          3|   11|         33|
    |grp_load_fu_372_p1               |   15|          3|   11|         33|
    |i1_0_reg_204                     |    9|          2|   12|         24|
    |i4_0_reg_237                     |    9|          2|    8|         16|
    |i_0_i_reg_259                    |    9|          2|    2|          4|
    |i_0_reg_192                      |    9|          2|    9|         18|
    |indvar_flatten11_reg_248         |    9|          2|    3|          6|
    |indvar_flatten_reg_215           |    9|          2|    9|         18|
    |j_0_i_reg_336                    |    9|          2|    2|          4|
    |j_0_reg_226                      |    9|          2|    2|          4|
    |knn_set                          |    9|          2|    9|         18|
    |knn_set_0                        |    9|          2|    9|         18|
    |knn_set_1                        |    9|          2|    9|         18|
    |knn_set_2                        |    9|          2|    9|         18|
    |knn_set_3                        |    9|          2|    9|         18|
    |knn_set_4                        |    9|          2|    9|         18|
    |label_list_1_1_reg_292           |    9|          2|   32|         64|
    |label_list_2_1_reg_281           |    9|          2|   32|         64|
    |min_distance_list_1_1_reg_325    |    9|          2|   32|         64|
    |min_distance_list_2_1_reg_314    |    9|          2|   32|         64|
    |tmp_V_30_reg_303                 |    9|          2|   32|         64|
    |tmp_V_33_reg_270                 |    9|          2|   32|         64|
    |training_set_V_4_address0        |   15|          3|    9|         27|
    +---------------------------------+-----+-----------+-----+-----------+
    |Total                            |  711|        158|  486|       1509|
    +---------------------------------+-----+-----------+-----+-----------+

    * Register: 
    +--------------------------------------+-----+----+-----+-----------+
    |                 Name                 |  FF | LUT| Bits| Const Bits|
    +--------------------------------------+-----+----+-----+-----------+
    |ap_CS_fsm                             |   46|   0|   46|          0|
    |ap_done_reg                           |    1|   0|    1|          0|
    |ap_enable_reg_pp0_iter0               |    1|   0|    1|          0|
    |ap_enable_reg_pp0_iter1               |    1|   0|    1|          0|
    |ap_enable_reg_pp1_iter0               |    1|   0|    1|          0|
    |ap_enable_reg_pp1_iter1               |    1|   0|    1|          0|
    |ap_enable_reg_pp2_iter0               |    1|   0|    1|          0|
    |ap_enable_reg_pp2_iter1               |    1|   0|    1|          0|
    |ap_enable_reg_pp2_iter10              |    1|   0|    1|          0|
    |ap_enable_reg_pp2_iter11              |    1|   0|    1|          0|
    |ap_enable_reg_pp2_iter2               |    1|   0|    1|          0|
    |ap_enable_reg_pp2_iter3               |    1|   0|    1|          0|
    |ap_enable_reg_pp2_iter4               |    1|   0|    1|          0|
    |ap_enable_reg_pp2_iter5               |    1|   0|    1|          0|
    |ap_enable_reg_pp2_iter6               |    1|   0|    1|          0|
    |ap_enable_reg_pp2_iter7               |    1|   0|    1|          0|
    |ap_enable_reg_pp2_iter8               |    1|   0|    1|          0|
    |ap_enable_reg_pp2_iter9               |    1|   0|    1|          0|
    |ap_enable_reg_pp3_iter0               |    1|   0|    1|          0|
    |ap_enable_reg_pp3_iter1               |    1|   0|    1|          0|
    |i1_0_reg_204                          |   12|   0|   12|          0|
    |i4_0_reg_237                          |    8|   0|    8|          0|
    |i_0_i_reg_259                         |    2|   0|    2|          0|
    |i_0_reg_192                           |    9|   0|    9|          0|
    |i_1_reg_1227                          |   12|   0|   12|          0|
    |i_reg_1218                            |    9|   0|    9|          0|
    |icmp_ln4141_2_reg_1328                |    1|   0|    1|          0|
    |icmp_ln4454_reg_1344                  |    1|   0|    1|          0|
    |icmp_ln6708_reg_1214                  |    1|   0|    1|          0|
    |icmp_ln6722_reg_1223                  |    1|   0|    1|          0|
    |icmp_ln6722_reg_1223_pp1_iter1_reg    |    1|   0|    1|          0|
    |icmp_ln6791_reg_1262                  |    1|   0|    1|          0|
    |index                                 |    1|   0|    1|          0|
    |index_load_reg_1210                   |    1|   0|    1|          0|
    |indvar_flatten11_reg_248              |    3|   0|    3|          0|
    |indvar_flatten_reg_215                |    9|   0|    9|          0|
    |j_0_i_reg_336                         |    2|   0|    2|          0|
    |j_0_reg_226                           |    2|   0|    2|          0|
    |knn_set                               |    9|   0|   11|          2|
    |knn_set_0                             |    9|   0|   11|          2|
    |knn_set_1                             |    9|   0|   11|          2|
    |knn_set_2                             |    9|   0|   11|          2|
    |knn_set_3                             |    9|   0|   11|          2|
    |knn_set_4                             |    9|   0|   11|          2|
    |label_list_1_1_reg_292                |   32|   0|   32|          0|
    |label_list_2_1_reg_281                |   32|   0|   32|          0|
    |lhs_V_reg_1257                        |  196|   0|  196|          0|
    |min_distance_list_0_reg_1358          |   32|   0|   32|          0|
    |min_distance_list_1_1_reg_325         |   32|   0|   32|          0|
    |min_distance_list_2_1_reg_314         |   32|   0|   32|          0|
    |mul_ln6797_reg_1281                   |   15|   0|   15|          0|
    |reg_376                               |   32|   0|   32|          0|
    |reg_382                               |   32|   0|   32|          0|
    |reg_387                               |   32|   0|   32|          0|
    |reg_392                               |   32|   0|   32|          0|
    |reg_397                               |   32|   0|   32|          0|
    |reg_402                               |   32|   0|   32|          0|
    |reg_407                               |   32|   0|   32|          0|
    |ret_V_reg_1313                        |  196|   0|  196|          0|
    |select_ln4141_2_reg_1318              |    9|   0|    9|          0|
    |select_ln4141_3_reg_1323              |    9|   0|    9|          0|
    |select_ln4141_6_reg_1333              |    2|   0|    2|          0|
    |select_ln6797_1_reg_1276              |    2|   0|    2|          0|
    |select_ln6797_2_reg_1286              |    3|   0|    3|          0|
    |select_ln6797_3_reg_1291              |    1|   0|    1|          0|
    |select_ln6797_reg_1271                |    8|   0|    8|          0|
    |select_ln6797_reg_1271_pp2_iter1_reg  |    8|   0|    8|          0|
    |tmp_V_30_reg_303                      |   32|   0|   32|          0|
    |tmp_V_33_reg_270                      |   32|   0|   32|          0|
    |tmp_V_37_reg_1237                     |   32|   0|   32|          0|
    |tmp_V_38_reg_1242                     |   32|   0|   32|          0|
    |tmp_V_39_reg_1247                     |   32|   0|   32|          0|
    |tmp_V_40_reg_1252                     |   32|   0|   32|          0|
    |trunc_ln414_reg_1232                  |    4|   0|    4|          0|
    |trunc_ln6797_mid2_reg_1303            |    9|   0|    9|          0|
    |icmp_ln6791_reg_1262                  |   64|  32|    1|          0|
    |select_ln6797_2_reg_1286              |   64|  32|    3|          0|
    |select_ln6797_3_reg_1291              |   64|  32|    1|          0|
    +--------------------------------------+-----+----+-----+-----------+
    |Total                                 | 1425|  96| 1250|         12|
    +--------------------------------------+-----+----+-----+-----------+



================================================================
== Interface
================================================================
* Summary: 
+---------------------+-----+-----+------------+--------------+--------------+
|      RTL Ports      | Dir | Bits|  Protocol  | Source Object|    C Type    |
+---------------------+-----+-----+------------+--------------+--------------+
|ap_clk               |  in |    1| ap_ctrl_hs | update_knn15 | return value |
|ap_rst               |  in |    1| ap_ctrl_hs | update_knn15 | return value |
|ap_start             |  in |    1| ap_ctrl_hs | update_knn15 | return value |
|ap_done              | out |    1| ap_ctrl_hs | update_knn15 | return value |
|ap_continue          |  in |    1| ap_ctrl_hs | update_knn15 | return value |
|ap_idle              | out |    1| ap_ctrl_hs | update_knn15 | return value |
|ap_ready             | out |    1| ap_ctrl_hs | update_knn15 | return value |
|Input_1_V_V_dout     |  in |   32|   ap_fifo  |  Input_1_V_V |    pointer   |
|Input_1_V_V_empty_n  |  in |    1|   ap_fifo  |  Input_1_V_V |    pointer   |
|Input_1_V_V_read     | out |    1|   ap_fifo  |  Input_1_V_V |    pointer   |
|Output_1_V_V         | out |   32|    ap_hs   | Output_1_V_V |    pointer   |
|Output_1_V_V_ap_vld  | out |    1|    ap_hs   | Output_1_V_V |    pointer   |
|Output_1_V_V_ap_ack  |  in |    1|    ap_hs   | Output_1_V_V |    pointer   |
+---------------------+-----+-----+------------+--------------+--------------+

