

================================================================
== Vivado HLS Report for 'knn_cluster2'
================================================================
* Date:           Sun Sep  6 16:13:27 2020

* Version:        2019.2 (Build 2704478 on Wed Nov 06 22:10:23 MST 2019)
* Project:        dg_reg
* Solution:       knn_cluster2
* Product family: zynq
* Target device:  xc7z020-clg400-1


================================================================
== Performance Estimates
================================================================
+ Timing: 
    * Summary: 
    +--------+----------+----------+------------+
    |  Clock |  Target  | Estimated| Uncertainty|
    +--------+----------+----------+------------+
    |ap_clk  | 10.00 ns | 8.677 ns |   1.25 ns  |
    +--------+----------+----------+------------+

+ Latency: 
    * Summary: 
    +---------+---------+----------+----------+-----+-------+----------+
    |  Latency (cycles) |  Latency (absolute) |   Interval  | Pipeline |
    |   min   |   max   |    min   |    max   | min |  max  |   Type   |
    +---------+---------+----------+----------+-----+-------+----------+
    |   166134|   205738| 1.661 ms | 2.057 ms |  495|  54497| dataflow |
    +---------+---------+----------+----------+-----+-------+----------+

    + Detail: 
        * Instance: 
        +-----------------+--------------+---------+---------+----------+----------+-----+-------+---------+
        |                 |              |  Latency (cycles) |  Latency (absolute) |   Interval  | Pipeline|
        |     Instance    |    Module    |   min   |   max   |    min   |    max   | min |  max  |   Type  |
        +-----------------+--------------+---------+---------+----------+----------+-----+-------+---------+
        |update_knn10_U0  |update_knn10  |      494|    40098| 4.940 us | 0.401 ms |  494|  40098|   none  |
        |update_knn6_U0   |update_knn6   |      493|    54496| 4.930 us | 0.545 ms |  493|  54496|   none  |
        |update_knn7_U0   |update_knn7   |      493|    50896| 4.930 us | 0.509 ms |  493|  50896|   none  |
        |update_knn8_U0   |update_knn8   |      493|    47296| 4.930 us | 0.473 ms |  493|  47296|   none  |
        |update_knn9_U0   |update_knn9   |      493|    43696| 4.930 us | 0.437 ms |  493|  43696|   none  |
        +-----------------+--------------+---------+---------+----------+----------+-----+-------+---------+

        * Loop: 
        N/A



================================================================
== Utilization Estimates
================================================================
* Summary: 
+-----------------+---------+-------+--------+-------+-----+
|       Name      | BRAM_18K| DSP48E|   FF   |  LUT  | URAM|
+-----------------+---------+-------+--------+-------+-----+
|DSP              |        -|      -|       -|      -|    -|
|Expression       |        -|      -|       0|      2|    -|
|FIFO             |        8|      -|     264|    416|    -|
|Instance         |       40|      5|   13948|  22269|    0|
|Memory           |        -|      -|       -|      -|    -|
|Multiplexer      |        -|      -|       -|      -|    -|
|Register         |        -|      -|       -|      -|    -|
+-----------------+---------+-------+--------+-------+-----+
|Total            |       48|      5|   14212|  22687|    0|
+-----------------+---------+-------+--------+-------+-----+
|Available        |      280|    220|  106400|  53200|    0|
+-----------------+---------+-------+--------+-------+-----+
|Utilization (%)  |       17|      2|      13|     42|    0|
+-----------------+---------+-------+--------+-------+-----+

+ Detail: 
    * Instance: 
    +-----------------+--------------+---------+-------+------+------+-----+
    |     Instance    |    Module    | BRAM_18K| DSP48E|  FF  |  LUT | URAM|
    +-----------------+--------------+---------+-------+------+------+-----+
    |update_knn10_U0  |update_knn10  |        8|      1|  2791|  4482|    0|
    |update_knn6_U0   |update_knn6   |        8|      1|  2787|  4434|    0|
    |update_knn7_U0   |update_knn7   |        8|      1|  2790|  4451|    0|
    |update_knn8_U0   |update_knn8   |        8|      1|  2790|  4451|    0|
    |update_knn9_U0   |update_knn9   |        8|      1|  2790|  4451|    0|
    +-----------------+--------------+---------+-------+------+------+-----+
    |Total            |              |       40|      5| 13948| 22269|    0|
    +-----------------+--------------+---------+-------+------+------+-----+

    * DSP48E: 
    N/A

    * Memory: 
    N/A

    * FIFO: 
    +----------------+---------+----+----+-----+------+-----+---------+
    |      Name      | BRAM_18K| FF | LUT| URAM| Depth| Bits| Size:D*B|
    +----------------+---------+----+----+-----+------+-----+---------+
    |knn_out1_V_V_U  |        2|  66|   0|    -|  1024|   32|    32768|
    |knn_out2_V_V_U  |        2|  66|   0|    -|  1024|   32|    32768|
    |knn_out3_V_V_U  |        2|  66|   0|    -|  1024|   32|    32768|
    |knn_out4_V_V_U  |        2|  66|   0|    -|  1024|   32|    32768|
    +----------------+---------+----+----+-----+------+-----+---------+
    |Total           |        8| 264|   0|    0|  4096|  128|   131072|
    +----------------+---------+----+----+-----+------+-----+---------+

    * Expression: 
    +--------------+----------+-------+---+----+------------+------------+
    | Variable Name| Operation| DSP48E| FF| LUT| Bitwidth P0| Bitwidth P1|
    +--------------+----------+-------+---+----+------------+------------+
    |ap_idle       |    and   |      0|  0|   2|           1|           1|
    +--------------+----------+-------+---+----+------------+------------+
    |Total         |          |      0|  0|   2|           1|           1|
    +--------------+----------+-------+---+----+------------+------------+

    * Multiplexer: 
    N/A

    * Register: 
    N/A



================================================================
== Interface
================================================================
* Summary: 
+---------------------+-----+-----+------------+--------------+--------------+
|      RTL Ports      | Dir | Bits|  Protocol  | Source Object|    C Type    |
+---------------------+-----+-----+------------+--------------+--------------+
|Input_1_V_V          |  in |   32|    ap_hs   |  Input_1_V_V |    pointer   |
|Input_1_V_V_ap_vld   |  in |    1|    ap_hs   |  Input_1_V_V |    pointer   |
|Input_1_V_V_ap_ack   | out |    1|    ap_hs   |  Input_1_V_V |    pointer   |
|Output_1_V_V         | out |   32|    ap_hs   | Output_1_V_V |    pointer   |
|Output_1_V_V_ap_vld  | out |    1|    ap_hs   | Output_1_V_V |    pointer   |
|Output_1_V_V_ap_ack  |  in |    1|    ap_hs   | Output_1_V_V |    pointer   |
|ap_clk               |  in |    1| ap_ctrl_hs | knn_cluster2 | return value |
|ap_rst               |  in |    1| ap_ctrl_hs | knn_cluster2 | return value |
|ap_start             |  in |    1| ap_ctrl_hs | knn_cluster2 | return value |
|ap_done              | out |    1| ap_ctrl_hs | knn_cluster2 | return value |
|ap_ready             | out |    1| ap_ctrl_hs | knn_cluster2 | return value |
|ap_idle              | out |    1| ap_ctrl_hs | knn_cluster2 | return value |
+---------------------+-----+-----+------------+--------------+--------------+

