

================================================================
== Vivado HLS Report for 'knn_cluster1'
================================================================
* Date:           Sun Sep  6 16:15:05 2020

* Version:        2019.2 (Build 2704478 on Wed Nov 06 22:10:23 MST 2019)
* Project:        dg_reg
* Solution:       knn_cluster1
* Product family: zynq
* Target device:  xc7z020-clg400-1


================================================================
== Performance Estimates
================================================================
+ Timing: 
    * Summary: 
    +--------+----------+----------+------------+
    |  Clock |  Target  | Estimated| Uncertainty|
    +--------+----------+----------+------------+
    |ap_clk  | 10.00 ns | 8.677 ns |   1.25 ns  |
    +--------+----------+----------+------------+

+ Latency: 
    * Summary: 
    +---------+---------+----------+----------+-----+-------+----------+
    |  Latency (cycles) |  Latency (absolute) |   Interval  | Pipeline |
    |   min   |   max   |    min   |    max   | min |  max  |   Type   |
    +---------+---------+----------+----------+-----+-------+----------+
    |   238134|   295738| 2.381 ms | 2.957 ms |  495|  72489| dataflow |
    +---------+---------+----------+----------+-----+-------+----------+

    + Detail: 
        * Instance: 
        +----------------+-------------+---------+---------+----------+----------+-----+-------+---------+
        |                |             |  Latency (cycles) |  Latency (absolute) |   Interval  | Pipeline|
        |    Instance    |    Module   |   min   |   max   |    min   |    max   | min |  max  |   Type  |
        +----------------+-------------+---------+---------+----------+----------+-----+-------+---------+
        |update_knn1_U0  |update_knn1  |      485|    72488| 4.850 us | 0.725 ms |  485|  72488|   none  |
        |update_knn5_U0  |update_knn5  |      494|    58098| 4.940 us | 0.581 ms |  494|  58098|   none  |
        |update_knn2_U0  |update_knn2  |      493|    68896| 4.930 us | 0.689 ms |  493|  68896|   none  |
        |update_knn3_U0  |update_knn3  |      493|    65296| 4.930 us | 0.653 ms |  493|  65296|   none  |
        |update_knn4_U0  |update_knn4  |      493|    61696| 4.930 us | 0.617 ms |  493|  61696|   none  |
        +----------------+-------------+---------+---------+----------+----------+-----+-------+---------+

        * Loop: 
        N/A



================================================================
== Utilization Estimates
================================================================
* Summary: 
+-----------------+---------+-------+--------+-------+-----+
|       Name      | BRAM_18K| DSP48E|   FF   |  LUT  | URAM|
+-----------------+---------+-------+--------+-------+-----+
|DSP              |        -|      -|       -|      -|    -|
|Expression       |        -|      -|       0|      2|    -|
|FIFO             |        8|      -|     264|    416|    -|
|Instance         |       40|      5|   13877|  22305|    0|
|Memory           |        -|      -|       -|      -|    -|
|Multiplexer      |        -|      -|       -|      -|    -|
|Register         |        -|      -|       -|      -|    -|
+-----------------+---------+-------+--------+-------+-----+
|Total            |       48|      5|   14141|  22723|    0|
+-----------------+---------+-------+--------+-------+-----+
|Available        |      280|    220|  106400|  53200|    0|
+-----------------+---------+-------+--------+-------+-----+
|Utilization (%)  |       17|      2|      13|     42|    0|
+-----------------+---------+-------+--------+-------+-----+

+ Detail: 
    * Instance: 
    +----------------+-------------+---------+-------+------+------+-----+
    |    Instance    |    Module   | BRAM_18K| DSP48E|  FF  |  LUT | URAM|
    +----------------+-------------+---------+-------+------+------+-----+
    |update_knn1_U0  |update_knn1  |        8|      1|  2716|  4470|    0|
    |update_knn2_U0  |update_knn2  |        8|      1|  2790|  4451|    0|
    |update_knn3_U0  |update_knn3  |        8|      1|  2790|  4451|    0|
    |update_knn4_U0  |update_knn4  |        8|      1|  2790|  4451|    0|
    |update_knn5_U0  |update_knn5  |        8|      1|  2791|  4482|    0|
    +----------------+-------------+---------+-------+------+------+-----+
    |Total           |             |       40|      5| 13877| 22305|    0|
    +----------------+-------------+---------+-------+------+------+-----+

    * DSP48E: 
    N/A

    * Memory: 
    N/A

    * FIFO: 
    +----------------+---------+----+----+-----+------+-----+---------+
    |      Name      | BRAM_18K| FF | LUT| URAM| Depth| Bits| Size:D*B|
    +----------------+---------+----+----+-----+------+-----+---------+
    |knn_out1_V_V_U  |        2|  66|   0|    -|  1024|   32|    32768|
    |knn_out2_V_V_U  |        2|  66|   0|    -|  1024|   32|    32768|
    |knn_out3_V_V_U  |        2|  66|   0|    -|  1024|   32|    32768|
    |knn_out4_V_V_U  |        2|  66|   0|    -|  1024|   32|    32768|
    +----------------+---------+----+----+-----+------+-----+---------+
    |Total           |        8| 264|   0|    0|  4096|  128|   131072|
    +----------------+---------+----+----+-----+------+-----+---------+

    * Expression: 
    +--------------+----------+-------+---+----+------------+------------+
    | Variable Name| Operation| DSP48E| FF| LUT| Bitwidth P0| Bitwidth P1|
    +--------------+----------+-------+---+----+------------+------------+
    |ap_idle       |    and   |      0|  0|   2|           1|           1|
    +--------------+----------+-------+---+----+------------+------------+
    |Total         |          |      0|  0|   2|           1|           1|
    +--------------+----------+-------+---+----+------------+------------+

    * Multiplexer: 
    N/A

    * Register: 
    N/A



================================================================
== Interface
================================================================
* Summary: 
+---------------------+-----+-----+------------+--------------+--------------+
|      RTL Ports      | Dir | Bits|  Protocol  | Source Object|    C Type    |
+---------------------+-----+-----+------------+--------------+--------------+
|Input_1_V_V          |  in |   32|    ap_hs   |  Input_1_V_V |    pointer   |
|Input_1_V_V_ap_vld   |  in |    1|    ap_hs   |  Input_1_V_V |    pointer   |
|Input_1_V_V_ap_ack   | out |    1|    ap_hs   |  Input_1_V_V |    pointer   |
|Output_1_V_V         | out |   32|    ap_hs   | Output_1_V_V |    pointer   |
|Output_1_V_V_ap_vld  | out |    1|    ap_hs   | Output_1_V_V |    pointer   |
|Output_1_V_V_ap_ack  |  in |    1|    ap_hs   | Output_1_V_V |    pointer   |
|ap_clk               |  in |    1| ap_ctrl_hs | knn_cluster1 | return value |
|ap_rst               |  in |    1| ap_ctrl_hs | knn_cluster1 | return value |
|ap_start             |  in |    1| ap_ctrl_hs | knn_cluster1 | return value |
|ap_done              | out |    1| ap_ctrl_hs | knn_cluster1 | return value |
|ap_ready             | out |    1| ap_ctrl_hs | knn_cluster1 | return value |
|ap_idle              | out |    1| ap_ctrl_hs | knn_cluster1 | return value |
+---------------------+-----+-----+------------+--------------+--------------+

