

================================================================
== Vivado HLS Report for 'update_knn3'
================================================================
* Date:           Sun Sep  6 16:15:03 2020

* Version:        2019.2 (Build 2704478 on Wed Nov 06 22:10:23 MST 2019)
* Project:        dg_reg
* Solution:       knn_cluster1
* Product family: zynq
* Target device:  xc7z020-clg400-1


================================================================
== Performance Estimates
================================================================
+ Timing: 
    * Summary: 
    +--------+----------+----------+------------+
    |  Clock |  Target  | Estimated| Uncertainty|
    +--------+----------+----------+------------+
    |ap_clk  | 10.00 ns | 8.677 ns |   1.25 ns  |
    +--------+----------+----------+------------+

+ Latency: 
    * Summary: 
    +---------+---------+----------+----------+-----+-------+---------+
    |  Latency (cycles) |  Latency (absolute) |   Interval  | Pipeline|
    |   min   |   max   |    min   |    max   | min |  max  |   Type  |
    +---------+---------+----------+----------+-----+-------+---------+
    |      493|    65296| 4.930 us | 0.653 ms |  493|  65296|   none  |
    +---------+---------+----------+----------+-----+-------+---------+

    + Detail: 
        * Instance: 
        +---------------------+----------+---------+---------+-----------+-----------+-----+-----+----------+
        |                     |          |  Latency (cycles) |   Latency (absolute)  |  Interval | Pipeline |
        |       Instance      |  Module  |   min   |   max   |    min    |    max    | min | max |   Type   |
        +---------------------+----------+---------+---------+-----------+-----------+-----+-----+----------+
        |grp_popcount_fu_345  |popcount  |        6|        6| 60.000 ns | 60.000 ns |    1|    1| function |
        +---------------------+----------+---------+---------+-----------+-----------+-----+-----+----------+

        * Loop: 
        +------------------------------+---------+---------+----------+-----------+-----------+------+----------+
        |                              |  Latency (cycles) | Iteration|  Initiation Interval  | Trip |          |
        |           Loop Name          |   min   |   max   |  Latency |  achieved |   target  | Count| Pipelined|
        +------------------------------+---------+---------+----------+-----------+-----------+------+----------+
        |- STORE_LOCAL                 |     3600|     3600|         9|          8|          1|   450|    yes   |
        |- TRANSFER_LOOP               |    61200|    61200|         9|          8|          1|  7650|    yes   |
        |- TRAINING_LOOP_LANES         |      460|      460|        12|          1|          1|   450|    yes   |
        |- LANES_INSERTION_SORT_OUTER  |        6|        6|         2|          1|          1|     6|    yes   |
        +------------------------------+---------+---------+----------+-----------+-----------+------+----------+



================================================================
== Utilization Estimates
================================================================
* Summary: 
+-----------------+---------+-------+--------+-------+-----+
|       Name      | BRAM_18K| DSP48E|   FF   |  LUT  | URAM|
+-----------------+---------+-------+--------+-------+-----+
|DSP              |        -|      1|       -|      -|    -|
|Expression       |        -|      0|       0|   1069|    -|
|FIFO             |        -|      -|       -|      -|    -|
|Instance         |        0|      -|    1364|   2588|    -|
|Memory           |        8|      -|       0|      0|    0|
|Multiplexer      |        -|      -|       -|    698|    -|
|Register         |        0|      -|    1426|     96|    -|
+-----------------+---------+-------+--------+-------+-----+
|Total            |        8|      1|    2790|   4451|    0|
+-----------------+---------+-------+--------+-------+-----+
|Available        |      280|    220|  106400|  53200|    0|
+-----------------+---------+-------+--------+-------+-----+
|Utilization (%)  |        2|   ~0  |       2|      8|    0|
+-----------------+---------+-------+--------+-------+-----+

+ Detail: 
    * Instance: 
    +--------------------------+----------------------+---------+-------+------+------+-----+
    |         Instance         |        Module        | BRAM_18K| DSP48E|  FF  |  LUT | URAM|
    +--------------------------+----------------------+---------+-------+------+------+-----+
    |knn_cluster1_mux_cud_U13  |knn_cluster1_mux_cud  |        0|      0|     0|    33|    0|
    |grp_popcount_fu_345       |popcount              |        0|      0|  1364|  2555|    0|
    +--------------------------+----------------------+---------+-------+------+------+-----+
    |Total                     |                      |        0|      0|  1364|  2588|    0|
    +--------------------------+----------------------+---------+-------+------+------+-----+

    * DSP48E: 
    +--------------------------+----------------------+-----------+
    |         Instance         |        Module        | Expression|
    +--------------------------+----------------------+-----------+
    |knn_cluster1_mul_dEe_U14  |knn_cluster1_mul_dEe  |  i0 * i1  |
    +--------------------------+----------------------+-----------+

    * Memory: 
    +--------------------+----------------------+---------+---+----+-----+------+-----+------+-------------+
    |       Memory       |        Module        | BRAM_18K| FF| LUT| URAM| Words| Bits| Banks| W*Bits*Banks|
    +--------------------+----------------------+---------+---+----+-----+------+-----+------+-------------+
    |training_set_V_6_U  |update_knn1_trainbkb  |        8|  0|   0|    0|   450|  256|     1|       115200|
    +--------------------+----------------------+---------+---+----+-----+------+-----+------+-------------+
    |Total               |                      |        8|  0|   0|    0|   450|  256|     1|       115200|
    +--------------------+----------------------+---------+---+----+-----+------+-----+------+-------------+

    * FIFO: 
    N/A

    * Expression: 
    +-----------------------------------+----------+-------+---+-----+------------+------------+
    |           Variable Name           | Operation| DSP48E| FF| LUT | Bitwidth P0| Bitwidth P1|
    +-----------------------------------+----------+-------+---+-----+------------+------------+
    |mul_ln4965_fu_597_p2               |     *    |      0|  0|    6|          15|           2|
    |add_ln4150_fu_788_p2               |     +    |      0|  0|   12|           3|           3|
    |add_ln4454_3_fu_901_p2             |     +    |      0|  0|   10|           1|           2|
    |add_ln4454_fu_881_p2               |     +    |      0|  0|   12|           1|           3|
    |add_ln4959_1_fu_575_p2             |     +    |      0|  0|   10|           1|           2|
    |add_ln4959_fu_555_p2               |     +    |      0|  0|   15|           1|           9|
    |add_ln4964_fu_664_p2               |     +    |      0|  0|   15|           9|           9|
    |i_5_fu_452_p2                      |     +    |      0|  0|   17|          13|           1|
    |i_6_fu_643_p2                      |     +    |      0|  0|   15|           8|           1|
    |i_fu_414_p2                        |     +    |      0|  0|   15|           9|           1|
    |j_fu_997_p2                        |     +    |      0|  0|   10|           1|           2|
    |min_distance_list_0_fu_979_p7      |     +    |      0|  0|   12|           3|           3|
    |sub_ln4463_3_fu_923_p2             |     -    |      0|  0|   12|           3|           3|
    |sub_ln4463_fu_869_p2               |     -    |      0|  0|   12|           3|           3|
    |sub_ln4965_1_fu_615_p2             |     -    |      0|  0|   12|           3|           3|
    |sub_ln4965_fu_537_p2               |     -    |      0|  0|   12|           3|           3|
    |ap_block_pp0_stage0_11001          |    and   |      0|  0|    2|           1|           1|
    |ap_block_pp0_stage1_11001          |    and   |      0|  0|    2|           1|           1|
    |ap_block_pp1_stage0_01001          |    and   |      0|  0|    2|           1|           1|
    |ap_block_pp1_stage1_01001          |    and   |      0|  0|    2|           1|           1|
    |ap_block_state10_pp0_stage0_iter1  |    and   |      0|  0|    2|           1|           1|
    |icmp_ln4141_1_fu_713_p2            |   icmp   |      0|  0|   13|           9|           9|
    |icmp_ln4141_2_fu_742_p2            |   icmp   |      0|  0|   13|           9|           9|
    |icmp_ln4141_5_fu_629_p2            |   icmp   |      0|  0|    9|           3|           3|
    |icmp_ln4141_fu_543_p2              |   icmp   |      0|  0|    9|           3|           3|
    |icmp_ln4149_fu_782_p2              |   icmp   |      0|  0|   13|           9|           9|
    |icmp_ln4454_fu_875_p2              |   icmp   |      0|  0|    9|           3|           3|
    |icmp_ln4456_fu_887_p2              |   icmp   |      0|  0|    8|           2|           2|
    |icmp_ln4463_1_fu_1016_p2           |   icmp   |      0|  0|   18|          32|          32|
    |icmp_ln4463_2_fu_1043_p2           |   icmp   |      0|  0|   18|          32|          32|
    |icmp_ln4463_6_fu_1058_p2           |   icmp   |      0|  0|    9|           4|           1|
    |icmp_ln4463_fu_1003_p2             |   icmp   |      0|  0|   18|          32|          32|
    |icmp_ln4474_1_fu_1137_p2           |   icmp   |      0|  0|   11|           6|           1|
    |icmp_ln4474_fu_1094_p2             |   icmp   |      0|  0|   11|           5|           1|
    |icmp_ln4479_1_fu_1143_p2           |   icmp   |      0|  0|   11|           6|           1|
    |icmp_ln4479_fu_1100_p2             |   icmp   |      0|  0|   11|           6|           2|
    |icmp_ln4875_fu_408_p2              |   icmp   |      0|  0|   13|           9|           7|
    |icmp_ln4889_fu_446_p2              |   icmp   |      0|  0|   13|          13|          11|
    |icmp_ln4959_fu_549_p2              |   icmp   |      0|  0|   13|           9|           7|
    |icmp_ln4961_fu_561_p2              |   icmp   |      0|  0|   11|           8|           6|
    |ap_block_state1                    |    or    |      0|  0|    2|           1|           1|
    |ap_block_state13_pp1_stage1_iter0  |    or    |      0|  0|    2|           1|           1|
    |ap_block_state21                   |    or    |      0|  0|    2|           1|           1|
    |or_ln4141_fu_756_p2                |    or    |      0|  0|    2|           1|           1|
    |label_list_2_6_fu_1149_p3          |  select  |      0|  0|   32|           1|           1|
    |min_distance_list_2_13_fu_1114_p3  |  select  |      0|  0|   32|           1|          32|
    |min_distance_list_2_14_fu_1129_p3  |  select  |      0|  0|   32|           1|          32|
    |min_distance_list_2_15_fu_1157_p3  |  select  |      0|  0|   32|           1|          32|
    |phitmp_i_2_fu_1064_p3              |  select  |      0|  0|    3|           1|           3|
    |select_ln4141_13_fu_706_p3         |  select  |      0|  0|    9|           1|           9|
    |select_ln4141_14_fu_719_p3         |  select  |      0|  0|    9|           1|           9|
    |select_ln4141_15_fu_735_p3         |  select  |      0|  0|    9|           1|           9|
    |select_ln4141_16_fu_774_p3         |  select  |      0|  0|    9|           1|           9|
    |select_ln4141_17_fu_748_p3         |  select  |      0|  0|    3|           1|           3|
    |select_ln4141_18_fu_762_p3         |  select  |      0|  0|    2|           1|           2|
    |select_ln4141_fu_691_p3            |  select  |      0|  0|    9|           1|           9|
    |select_ln4454_fu_937_p3            |  select  |      0|  0|    2|           1|           2|
    |select_ln4463_5_fu_1031_p3         |  select  |      0|  0|    6|           1|           6|
    |select_ln4463_6_fu_1076_p3         |  select  |      0|  0|    6|           1|           6|
    |select_ln4463_7_fu_893_p3          |  select  |      0|  0|    2|           1|           1|
    |select_ln4463_8_fu_929_p3          |  select  |      0|  0|    3|           1|           3|
    |select_ln4463_fu_1008_p3           |  select  |      0|  0|    6|           1|           1|
    |select_ln4474_8_fu_1164_p3         |  select  |      0|  0|   32|           1|          32|
    |select_ln4474_9_fu_1172_p3         |  select  |      0|  0|   32|           1|          32|
    |select_ln4474_fu_1121_p3           |  select  |      0|  0|   32|           1|          32|
    |select_ln4479_14_fu_1180_p3        |  select  |      0|  0|   32|           1|           1|
    |select_ln4479_15_fu_1188_p3        |  select  |      0|  0|   32|           1|          32|
    |select_ln4479_fu_1106_p3           |  select  |      0|  0|   32|           1|           1|
    |select_ln4965_1_fu_585_p3          |  select  |      0|  0|    2|           1|           2|
    |select_ln4965_2_fu_621_p3          |  select  |      0|  0|    3|           1|           3|
    |select_ln4965_3_fu_635_p3          |  select  |      0|  0|    2|           1|           1|
    |select_ln4965_fu_567_p3            |  select  |      0|  0|    8|           1|           1|
    |ap_enable_pp0                      |    xor   |      0|  0|    2|           1|           2|
    |ap_enable_pp1                      |    xor   |      0|  0|    2|           1|           2|
    |ap_enable_pp2                      |    xor   |      0|  0|    2|           1|           2|
    |ap_enable_pp3                      |    xor   |      0|  0|    2|           1|           2|
    |ap_enable_reg_pp2_iter1            |    xor   |      0|  0|    2|           2|           1|
    |ap_enable_reg_pp3_iter1            |    xor   |      0|  0|    2|           2|           1|
    |not_icmp_ln4463_fu_1021_p2         |    xor   |      0|  0|    2|           1|           2|
    |ret_V_fu_678_p2                    |    xor   |      0|  0|  196|         196|         196|
    +-----------------------------------+----------+-------+---+-----+------------+------------+
    |Total                              |          |      0|  0| 1069|         519|         744|
    +-----------------------------------+----------+-------+---+-----+------------+------------+

    * Multiplexer: 
    +-----------------------------------+-----+-----------+-----+-----------+
    |                Name               | LUT | Input Size| Bits| Total Bits|
    +-----------------------------------+-----+-----------+-----+-----------+
    |Input_1_V_V_blk_n                  |    9|          2|    1|          2|
    |Output_1_V_V_blk_n                 |    9|          2|    1|          2|
    |Output_1_V_V_din                   |   44|          9|   32|        288|
    |ap_NS_fsm                          |  201|         46|    1|         46|
    |ap_done                            |    9|          2|    1|          2|
    |ap_enable_reg_pp0_iter1            |    9|          2|    1|          2|
    |ap_enable_reg_pp1_iter1            |    9|          2|    1|          2|
    |ap_enable_reg_pp2_iter1            |    9|          2|    1|          2|
    |ap_enable_reg_pp2_iter11           |    9|          2|    1|          2|
    |ap_enable_reg_pp3_iter1            |   15|          3|    1|          3|
    |ap_phi_mux_i1_0_phi_fu_206_p4      |    9|          2|   13|         26|
    |ap_phi_mux_i_0_phi_fu_194_p4       |    9|          2|    9|         18|
    |ap_phi_mux_j_0_phi_fu_228_p4       |    9|          2|    2|          4|
    |ap_sig_allocacmp_knn_set_6_0_load  |    9|          2|    9|         18|
    |ap_sig_allocacmp_knn_set_6_1_load  |    9|          2|    9|         18|
    |ap_sig_allocacmp_knn_set_6_2_load  |    9|          2|    9|         18|
    |ap_sig_allocacmp_knn_set_6_3_load  |    9|          2|    9|         18|
    |ap_sig_allocacmp_knn_set_6_4_load  |    9|          2|    9|         18|
    |ap_sig_allocacmp_knn_set_6_5_load  |    9|          2|    9|         18|
    |grp_load_fu_350_p1                 |   15|          3|   11|         33|
    |grp_load_fu_354_p1                 |   15|          3|   11|         33|
    |grp_load_fu_358_p1                 |   15|          3|   11|         33|
    |grp_load_fu_362_p1                 |   15|          3|   11|         33|
    |grp_load_fu_366_p1                 |   15|          3|   11|         33|
    |grp_load_fu_370_p1                 |   15|          3|   11|         33|
    |i1_0_reg_202                       |    9|          2|   13|         26|
    |i4_0_reg_235                       |    9|          2|    8|         16|
    |i_0_i_reg_257                      |    9|          2|    2|          4|
    |i_0_reg_190                        |    9|          2|    9|         18|
    |indvar_flatten11_reg_246           |    9|          2|    3|          6|
    |indvar_flatten_reg_213             |    9|          2|    9|         18|
    |j_0_i_reg_334                      |    9|          2|    2|          4|
    |j_0_reg_224                        |    9|          2|    2|          4|
    |knn_set_6_0                        |    9|          2|    9|         18|
    |knn_set_6_1                        |    9|          2|    9|         18|
    |knn_set_6_2                        |    9|          2|    9|         18|
    |knn_set_6_3                        |    9|          2|    9|         18|
    |knn_set_6_4                        |    9|          2|    9|         18|
    |knn_set_6_5                        |    9|          2|    9|         18|
    |label_list_1_3_reg_290             |    9|          2|   32|         64|
    |label_list_2_5_reg_279             |    9|          2|   32|         64|
    |min_distance_list_1_5_reg_323      |    9|          2|   32|         64|
    |min_distance_list_2_11_reg_312     |    9|          2|   32|         64|
    |real_start                         |    9|          2|    1|          2|
    |tmp_V_112_reg_301                  |    9|          2|   32|         64|
    |tmp_V_115_reg_268                  |    9|          2|   32|         64|
    |training_set_V_6_address0          |   15|          3|    9|         27|
    +-----------------------------------+-----+-----------+-----+-----------+
    |Total                              |  698|        153|  489|       1322|
    +-----------------------------------+-----+-----------+-----+-----------+

    * Register: 
    +--------------------------------------+-----+----+-----+-----------+
    |                 Name                 |  FF | LUT| Bits| Const Bits|
    +--------------------------------------+-----+----+-----+-----------+
    |ap_CS_fsm                             |   45|   0|   45|          0|
    |ap_done_reg                           |    1|   0|    1|          0|
    |ap_enable_reg_pp0_iter0               |    1|   0|    1|          0|
    |ap_enable_reg_pp0_iter1               |    1|   0|    1|          0|
    |ap_enable_reg_pp1_iter0               |    1|   0|    1|          0|
    |ap_enable_reg_pp1_iter1               |    1|   0|    1|          0|
    |ap_enable_reg_pp2_iter0               |    1|   0|    1|          0|
    |ap_enable_reg_pp2_iter1               |    1|   0|    1|          0|
    |ap_enable_reg_pp2_iter10              |    1|   0|    1|          0|
    |ap_enable_reg_pp2_iter11              |    1|   0|    1|          0|
    |ap_enable_reg_pp2_iter2               |    1|   0|    1|          0|
    |ap_enable_reg_pp2_iter3               |    1|   0|    1|          0|
    |ap_enable_reg_pp2_iter4               |    1|   0|    1|          0|
    |ap_enable_reg_pp2_iter5               |    1|   0|    1|          0|
    |ap_enable_reg_pp2_iter6               |    1|   0|    1|          0|
    |ap_enable_reg_pp2_iter7               |    1|   0|    1|          0|
    |ap_enable_reg_pp2_iter8               |    1|   0|    1|          0|
    |ap_enable_reg_pp2_iter9               |    1|   0|    1|          0|
    |ap_enable_reg_pp3_iter0               |    1|   0|    1|          0|
    |ap_enable_reg_pp3_iter1               |    1|   0|    1|          0|
    |i1_0_reg_202                          |   13|   0|   13|          0|
    |i4_0_reg_235                          |    8|   0|    8|          0|
    |i_0_i_reg_257                         |    2|   0|    2|          0|
    |i_0_reg_190                           |    9|   0|    9|          0|
    |i_5_reg_1219                          |   13|   0|   13|          0|
    |i_reg_1210                            |    9|   0|    9|          0|
    |icmp_ln4141_2_reg_1320                |    1|   0|    1|          0|
    |icmp_ln4454_reg_1336                  |    1|   0|    1|          0|
    |icmp_ln4875_reg_1206                  |    1|   0|    1|          0|
    |icmp_ln4889_reg_1215                  |    1|   0|    1|          0|
    |icmp_ln4959_reg_1254                  |    1|   0|    1|          0|
    |index_2                               |    1|   0|    1|          0|
    |index_2_load_reg_1202                 |    1|   0|    1|          0|
    |indvar_flatten11_reg_246              |    3|   0|    3|          0|
    |indvar_flatten_reg_213                |    9|   0|    9|          0|
    |j_0_i_reg_334                         |    2|   0|    2|          0|
    |j_0_reg_224                           |    2|   0|    2|          0|
    |knn_set_6_0                           |    9|   0|   11|          2|
    |knn_set_6_1                           |    9|   0|   11|          2|
    |knn_set_6_2                           |    9|   0|   11|          2|
    |knn_set_6_3                           |    9|   0|   11|          2|
    |knn_set_6_4                           |    9|   0|   11|          2|
    |knn_set_6_5                           |    9|   0|   11|          2|
    |label_list_1_3_reg_290                |   32|   0|   32|          0|
    |label_list_2_5_reg_279                |   32|   0|   32|          0|
    |lhs_V_reg_1249                        |  196|   0|  196|          0|
    |min_distance_list_0_reg_1350          |   32|   0|   32|          0|
    |min_distance_list_1_5_reg_323         |   32|   0|   32|          0|
    |min_distance_list_2_11_reg_312        |   32|   0|   32|          0|
    |mul_ln4965_reg_1273                   |   15|   0|   15|          0|
    |reg_374                               |   32|   0|   32|          0|
    |reg_379                               |   32|   0|   32|          0|
    |reg_383                               |   32|   0|   32|          0|
    |reg_387                               |   32|   0|   32|          0|
    |reg_391                               |   32|   0|   32|          0|
    |reg_395                               |   32|   0|   32|          0|
    |reg_399                               |   32|   0|   32|          0|
    |ret_V_reg_1305                        |  196|   0|  196|          0|
    |select_ln4141_14_reg_1310             |    9|   0|    9|          0|
    |select_ln4141_15_reg_1315             |    9|   0|    9|          0|
    |select_ln4141_18_reg_1325             |    2|   0|    2|          0|
    |select_ln4965_1_reg_1268              |    2|   0|    2|          0|
    |select_ln4965_2_reg_1278              |    3|   0|    3|          0|
    |select_ln4965_3_reg_1283              |    1|   0|    1|          0|
    |select_ln4965_reg_1263                |    8|   0|    8|          0|
    |select_ln4965_reg_1263_pp2_iter1_reg  |    8|   0|    8|          0|
    |start_once_reg                        |    1|   0|    1|          0|
    |tmp_V_112_reg_301                     |   32|   0|   32|          0|
    |tmp_V_115_reg_268                     |   32|   0|   32|          0|
    |tmp_V_119_reg_1229                    |   32|   0|   32|          0|
    |tmp_V_120_reg_1234                    |   32|   0|   32|          0|
    |tmp_V_121_reg_1239                    |   32|   0|   32|          0|
    |tmp_V_122_reg_1244                    |   32|   0|   32|          0|
    |trunc_ln414_reg_1224                  |    4|   0|    4|          0|
    |trunc_ln4965_mid2_reg_1295            |    9|   0|    9|          0|
    |icmp_ln4959_reg_1254                  |   64|  32|    1|          0|
    |select_ln4965_2_reg_1278              |   64|  32|    3|          0|
    |select_ln4965_3_reg_1283              |   64|  32|    1|          0|
    +--------------------------------------+-----+----+-----+-----------+
    |Total                                 | 1426|  96| 1251|         12|
    +--------------------------------------+-----+----+-----+-----------+



================================================================
== Interface
================================================================
* Summary: 
+---------------------+-----+-----+------------+--------------+--------------+
|      RTL Ports      | Dir | Bits|  Protocol  | Source Object|    C Type    |
+---------------------+-----+-----+------------+--------------+--------------+
|ap_clk               |  in |    1| ap_ctrl_hs |  update_knn3 | return value |
|ap_rst               |  in |    1| ap_ctrl_hs |  update_knn3 | return value |
|ap_start             |  in |    1| ap_ctrl_hs |  update_knn3 | return value |
|start_full_n         |  in |    1| ap_ctrl_hs |  update_knn3 | return value |
|ap_done              | out |    1| ap_ctrl_hs |  update_knn3 | return value |
|ap_continue          |  in |    1| ap_ctrl_hs |  update_knn3 | return value |
|ap_idle              | out |    1| ap_ctrl_hs |  update_knn3 | return value |
|ap_ready             | out |    1| ap_ctrl_hs |  update_knn3 | return value |
|start_out            | out |    1| ap_ctrl_hs |  update_knn3 | return value |
|start_write          | out |    1| ap_ctrl_hs |  update_knn3 | return value |
|Input_1_V_V_dout     |  in |   32|   ap_fifo  |  Input_1_V_V |    pointer   |
|Input_1_V_V_empty_n  |  in |    1|   ap_fifo  |  Input_1_V_V |    pointer   |
|Input_1_V_V_read     | out |    1|   ap_fifo  |  Input_1_V_V |    pointer   |
|Output_1_V_V_din     | out |   32|   ap_fifo  | Output_1_V_V |    pointer   |
|Output_1_V_V_full_n  |  in |    1|   ap_fifo  | Output_1_V_V |    pointer   |
|Output_1_V_V_write   | out |    1|   ap_fifo  | Output_1_V_V |    pointer   |
+---------------------+-----+-----+------------+--------------+--------------+

